

Processing PalestrasController#index (for 127.0.0.1 at 2011-07-01 18:32:02) [GET]
  [4;36;1mPalestra Load (1.9ms)[0m   [0;1mSELECT * FROM "palestras" ORDER BY data DESC, horario ASC[0m
Rendering template within layouts/themes
Rendering palestras/index
Completed in 100ms (View: 85, DB: 2) | 200 OK [http://localhost/palestras]


Processing PalestrasController#index (for 127.0.0.1 at 2011-07-01 18:32:52) [GET]
  [4;35;1mPalestra Load (1.5ms)[0m   [0mSELECT * FROM "palestras" ORDER BY data DESC, horario ASC[0m
Rendering template within layouts/themes
Rendering palestras/index
Completed in 42ms (View: 32, DB: 2) | 200 OK [http://localhost/palestras]


Processing PalestrasController#index (for 127.0.0.1 at 2011-07-01 18:48:46) [GET]
  [4;36;1mPalestra Load (1.6ms)[0m   [0;1mSELECT * FROM "palestras" ORDER BY data DESC, horario ASC[0m
Rendering template within layouts/themes
Rendering palestras/index
Completed in 40ms (View: 30, DB: 2) | 200 OK [http://localhost/palestras]
  [4;36;1mSQL (0.2ms)[0m   [0;1m SELECT name
 FROM sqlite_master
 WHERE type = 'table' AND NOT name = 'sqlite_sequence'
[0m
  [4;35;1mSQL (0.1ms)[0m   [0mselect sqlite_version(*)[0m
  [4;36;1mSQL (2.4ms)[0m   [0;1mCREATE TABLE "schema_migrations" ("version" varchar(255) NOT NULL) [0m
  [4;35;1mSQL (0.0ms)[0m   [0mPRAGMA index_list("schema_migrations")[0m
  [4;36;1mSQL (1.2ms)[0m   [0;1mCREATE UNIQUE INDEX "unique_schema_migrations" ON "schema_migrations" ("version")[0m
  [4;35;1mSQL (0.1ms)[0m   [0m SELECT name
 FROM sqlite_master
 WHERE type = 'table' AND NOT name = 'sqlite_sequence'
[0m
  [4;36;1mSQL (0.1ms)[0m   [0;1mSELECT version FROM schema_migrations[0m
Migrating to CreatePalestras (1)
  [4;35;1mSQL (0.3ms)[0m   [0mCREATE TABLE "palestras" ("id" INTEGER PRIMARY KEY AUTOINCREMENT NOT NULL, "nome" varchar(255) NOT NULL, "palestrante" varchar(255) NOT NULL, "data" date NOT NULL, "horario" time NOT NULL, "created_at" datetime, "updated_at" datetime) [0m
  [4;36;1mSQL (0.1ms)[0m   [0;1mCREATE TABLE "avaliadors" ("id" INTEGER PRIMARY KEY AUTOINCREMENT NOT NULL, "nome" varchar(255) NOT NULL, "email" varchar(255) NOT NULL, "created_at" datetime, "updated_at" datetime) [0m
  [4;35;1mSQL (0.1ms)[0m   [0mCREATE TABLE "avaliacaos" ("id" INTEGER PRIMARY KEY AUTOINCREMENT NOT NULL, "valor" integer NOT NULL, "comentario" varchar(255), "palestra_id" integer NOT NULL, "avaliador_id" integer, "created_at" datetime, "updated_at" datetime) [0m
  [4;36;1mSQL (0.1ms)[0m   [0;1mINSERT INTO schema_migrations (version) VALUES ('1')[0m
  [4;35;1mSQL (0.2ms)[0m   [0m SELECT name
 FROM sqlite_master
 WHERE type = 'table' AND NOT name = 'sqlite_sequence'
[0m
  [4;36;1mSQL (0.1ms)[0m   [0;1mSELECT version FROM schema_migrations[0m
  [4;35;1mSQL (0.1ms)[0m   [0m SELECT name
 FROM sqlite_master
 WHERE type = 'table' AND NOT name = 'sqlite_sequence'
[0m
  [4;36;1mSQL (0.0ms)[0m   [0;1mPRAGMA index_list("avaliacaos")[0m
  [4;35;1mSQL (0.0ms)[0m   [0mPRAGMA index_list("avaliadors")[0m
  [4;36;1mSQL (0.0ms)[0m   [0;1mPRAGMA index_list("palestras")[0m


Processing PalestrasController#index (for 127.0.0.1 at 2011-07-01 19:36:38) [GET]
  [4;36;1mPalestra Load (0.4ms)[0m   [0;1mSELECT * FROM "palestras" ORDER BY data DESC, horario ASC[0m
Rendering template within layouts/themes
Rendering palestras/index
Completed in 17ms (View: 9, DB: 0) | 200 OK [http://localhost/palestras]
  [4;36;1mPalestra Create (0.4ms)[0m   [0;1mINSERT INTO "palestras" ("data", "created_at", "nome", "updated_at", "horario", "palestrante") VALUES('2011-07-01', '2011-07-01 22:38:07', '2012: o ano em que a Terra parou acabou, porque o software travou', '2011-07-01 22:38:07', '2000-01-01 09:00:00', 'Vinicius Teles')[0m
  [4;35;1mPalestra Create (0.3ms)[0m   [0mINSERT INTO "palestras" ("data", "created_at", "nome", "updated_at", "horario", "palestrante") VALUES('2011-07-01', '2011-07-01 22:38:07', 'Individuals and interactions over process and tools', '2011-07-01 22:38:07', '2000-01-01 11:00:00', 'David Paniz')[0m
  [4;36;1mPalestra Create (0.2ms)[0m   [0;1mINSERT INTO "palestras" ("data", "created_at", "nome", "updated_at", "horario", "palestrante") VALUES('2011-07-01', '2011-07-01 22:38:07', 'Mantendo a Qualidade dos Códigos de Teste', '2011-07-01 22:38:07', '2000-01-01 11:00:00', 'Maurício Szabo')[0m
  [4;35;1mPalestra Create (0.4ms)[0m   [0mINSERT INTO "palestras" ("data", "created_at", "nome", "updated_at", "horario", "palestrante") VALUES('2011-07-01', '2011-07-01 22:38:07', 'Como fazer com que seu futuro PO exerça o seu papel efetivamente', '2011-07-01 22:38:07', '2000-01-01 11:00:00', 'Felipe do Prado Osti')[0m
  [4;36;1mPalestra Create (0.2ms)[0m   [0;1mINSERT INTO "palestras" ("data", "created_at", "nome", "updated_at", "horario", "palestrante") VALUES('2011-07-01', '2011-07-01 22:38:07', 'The Agile city-building game', '2011-07-01 22:38:07', '2000-01-01 11:00:00', 'Alejandra Alfonso e Emilio Gutter ')[0m
  [4;35;1mPalestra Create (0.2ms)[0m   [0mINSERT INTO "palestras" ("data", "created_at", "nome", "updated_at", "horario", "palestrante") VALUES('2011-07-01', '2011-07-01 22:38:07', 'Manifesto for Meta-Agile - Coaching para Agilidade além da própria Agilidade', '2011-07-01 22:38:07', '2000-01-01 11:00:00', 'Manoel Pimentel Medeiros')[0m
  [4;36;1mPalestra Create (0.2ms)[0m   [0;1mINSERT INTO "palestras" ("data", "created_at", "nome", "updated_at", "horario", "palestrante") VALUES('2011-07-01', '2011-07-01 22:38:07', 'Avançando nos Fundamentos do Lean Thinking', '2011-07-01 22:38:07', '2000-01-01 12:00:00', 'Christopher G. Thompson')[0m
  [4;35;1mPalestra Create (0.2ms)[0m   [0mINSERT INTO "palestras" ("data", "created_at", "nome", "updated_at", "horario", "palestrante") VALUES('2011-07-01', '2011-07-01 22:38:07', 'O Raio-X de um projeto Ágil: erros e acertos no desenvolvimento de uma plataforma de serviços', '2011-07-01 22:38:07', '2000-01-01 12:00:00', 'Rodrigo Veiga')[0m
  [4;36;1mPalestra Create (0.2ms)[0m   [0;1mINSERT INTO "palestras" ("data", "created_at", "nome", "updated_at", "horario", "palestrante") VALUES('2011-07-01', '2011-07-01 22:38:07', 'Negociando limites', '2011-07-01 22:38:07', '2000-01-01 14:30:00', 'Paulo Caroli')[0m
  [4;35;1mPalestra Create (0.2ms)[0m   [0mINSERT INTO "palestras" ("data", "created_at", "nome", "updated_at", "horario", "palestrante") VALUES('2011-07-01', '2011-07-01 22:38:07', 'Scala ao Resgate: Testes de Software mais expressivos e com menos código na JVM', '2011-07-01 22:38:07', '2000-01-01 14:30:00', 'Lucas Torri e José Filipe Sabella Barciella')[0m
  [4;36;1mPalestra Create (0.2ms)[0m   [0;1mINSERT INTO "palestras" ("data", "created_at", "nome", "updated_at", "horario", "palestrante") VALUES('2011-07-01', '2011-07-01 22:38:07', 'Porque é difícil trabalhar com os valores ageis em projetos de escopo fechado', '2011-07-01 22:38:07', '2000-01-01 14:30:00', 'André Nascimento')[0m
  [4;35;1mPalestra Create (0.2ms)[0m   [0mINSERT INTO "palestras" ("data", "created_at", "nome", "updated_at", "horario", "palestrante") VALUES('2011-07-01', '2011-07-01 22:38:07', 'Trabalhando de forma eficaz com mentalidade legada', '2011-07-01 22:38:07', '2000-01-01 14:30:00', 'Rodrigo Yoshima')[0m
  [4;36;1mPalestra Create (0.2ms)[0m   [0;1mINSERT INTO "palestras" ("data", "created_at", "nome", "updated_at", "horario", "palestrante") VALUES('2011-07-01', '2011-07-01 22:38:07', 'Dez anos depois, você realmente sabe o que é um produto com valor agregado?', '2011-07-01 22:38:07', '2000-01-01 14:30:00', 'Luiz Claudio Parzianello')[0m
  [4;35;1mPalestra Create (0.2ms)[0m   [0mINSERT INTO "palestras" ("data", "created_at", "nome", "updated_at", "horario", "palestrante") VALUES('2011-07-01', '2011-07-01 22:38:07', 'Como formar um programador 10x', '2011-07-01 22:38:07', '2000-01-01 15:30:00', 'Luca Bastos')[0m
  [4;36;1mPalestra Create (0.2ms)[0m   [0;1mINSERT INTO "palestras" ("data", "created_at", "nome", "updated_at", "horario", "palestrante") VALUES('2011-07-01', '2011-07-01 22:38:07', 'De Porto Alegre a Fortaleza. O que aprendemos e fizemos desde o Agile Brazil 2010', '2011-07-01 22:38:07', '2000-01-01 15:30:00', 'Rafael Barbosa Camargo e Renato Freire Ricardo')[0m
  [4;35;1mPalestra Create (0.2ms)[0m   [0mINSERT INTO "palestras" ("data", "created_at", "nome", "updated_at", "horario", "palestrante") VALUES('2011-07-01', '2011-07-01 22:38:07', 'Visões de Mercado sobre Equipes de Trabalho Autogerenciadas', '2011-07-01 22:38:07', '2000-01-01 15:30:00', 'Rafael Sabbagh')[0m
  [4;36;1mPalestra Create (0.2ms)[0m   [0;1mINSERT INTO "palestras" ("data", "created_at", "nome", "updated_at", "horario", "palestrante") VALUES('2011-07-01', '2011-07-01 22:38:07', 'Captando requisitos de forma ágil', '2011-07-01 22:38:07', '2000-01-01 17:00:00', 'Nícolas Iensen')[0m
  [4;35;1mPalestra Create (0.2ms)[0m   [0mINSERT INTO "palestras" ("data", "created_at", "nome", "updated_at", "horario", "palestrante") VALUES('2011-07-01', '2011-07-01 22:38:07', 'Testes em ambientes Ágeis', '2011-07-01 22:38:07', '2000-01-01 17:00:00', 'Jose Papo')[0m
  [4;36;1mPalestra Create (0.2ms)[0m   [0;1mINSERT INTO "palestras" ("data", "created_at", "nome", "updated_at", "horario", "palestrante") VALUES('2011-07-01', '2011-07-01 22:38:07', 'Escalando agile na GVT Telecom - um case real', '2011-07-01 22:38:07', '2000-01-01 17:00:00', 'Felipe Rodrigues de Almeida e Saulo Abreu')[0m
  [4;35;1mPalestra Create (0.2ms)[0m   [0mINSERT INTO "palestras" ("data", "created_at", "nome", "updated_at", "horario", "palestrante") VALUES('2011-07-01', '2011-07-01 22:38:07', 'Tudo o que você precisa saber sobre contratos ágeis de software', '2011-07-01 22:38:07', '2000-01-01 17:00:00', 'Thiago Alves')[0m
  [4;36;1mPalestra Create (0.2ms)[0m   [0;1mINSERT INTO "palestras" ("data", "created_at", "nome", "updated_at", "horario", "palestrante") VALUES('2011-07-01', '2011-07-01 22:38:07', 'Lean Startup', '2011-07-01 22:38:07', '2000-01-01 17:00:00', 'Matheus Haddad e Alexandre Gomes')[0m
  [4;35;1mPalestra Create (0.2ms)[0m   [0mINSERT INTO "palestras" ("data", "created_at", "nome", "updated_at", "horario", "palestrante") VALUES('2011-07-01', '2011-07-01 22:38:07', 'Otimização de execução de testes através de níveis', '2011-07-01 22:38:07', '2000-01-01 18:00:00', 'José Mathias Gusso')[0m
  [4;36;1mPalestra Create (0.2ms)[0m   [0;1mINSERT INTO "palestras" ("data", "created_at", "nome", "updated_at", "horario", "palestrante") VALUES('2011-07-01', '2011-07-01 22:38:07', 'Nearshore Agile', '2011-07-01 22:38:07', '2000-01-01 18:00:00', 'Danilo Ruziska')[0m
  [4;35;1mPalestra Create (0.2ms)[0m   [0mINSERT INTO "palestras" ("data", "created_at", "nome", "updated_at", "horario", "palestrante") VALUES('2011-07-01', '2011-07-01 22:38:07', 'Ciclos de Avaliação de Pressupostos: Entendendo Lean, Kanban e Agilidade sob uma nova perspectiva', '2011-07-01 22:38:07', '2000-01-01 18:00:00', 'Alisson Vale')[0m
  [4;36;1mPalestra Create (0.2ms)[0m   [0;1mINSERT INTO "palestras" ("data", "created_at", "nome", "updated_at", "horario", "palestrante") VALUES('2011-07-01', '2011-07-01 22:38:07', 'Clean Code', '2011-07-01 22:38:07', '2000-01-01 18:00:00', 'Rodrigo Branas')[0m
  [4;35;1mPalestra Create (0.2ms)[0m   [0mINSERT INTO "palestras" ("data", "created_at", "nome", "updated_at", "horario", "palestrante") VALUES('2011-06-30', '2011-07-01 22:38:07', 'Priorizando a Felicidade', '2011-07-01 22:38:07', '2000-01-01 09:00:00', 'Joshua Keriesvky')[0m
  [4;36;1mPalestra Create (0.2ms)[0m   [0;1mINSERT INTO "palestras" ("data", "created_at", "nome", "updated_at", "horario", "palestrante") VALUES('2011-06-30', '2011-07-01 22:38:07', 'Jogando com valores ágeis', '2011-07-01 22:38:07', '2000-01-01 11:00:00', 'Lucianna Almeida e Thiago Colucci')[0m
  [4;35;1mPalestra Create (0.2ms)[0m   [0mINSERT INTO "palestras" ("data", "created_at", "nome", "updated_at", "horario", "palestrante") VALUES('2011-06-30', '2011-07-01 22:38:07', 'Design Up Front'' (na dose certa) pode fazer bem ao seu projeto!', '2011-07-01 22:38:07', '2000-01-01 11:00:00', 'Rodolpho Ugolini Neto')[0m
  [4;36;1mPalestra Create (0.2ms)[0m   [0;1mINSERT INTO "palestras" ("data", "created_at", "nome", "updated_at", "horario", "palestrante") VALUES('2011-06-30', '2011-07-01 22:38:07', 'Startup em uma grande empresa: a evolução de um processo', '2011-07-01 22:38:07', '2000-01-01 11:00:00', 'Henrique Imbertti Junior')[0m
  [4;35;1mPalestra Create (0.2ms)[0m   [0mINSERT INTO "palestras" ("data", "created_at", "nome", "updated_at", "horario", "palestrante") VALUES('2011-06-30', '2011-07-01 22:38:07', 'Usando indicadores para Auxiliar a Dar Mais Visibilidade e a Melhorar o Desempenho', '2011-07-01 22:38:07', '2000-01-01 11:00:00', 'Clavius Tales')[0m
  [4;36;1mPalestra Create (0.2ms)[0m   [0;1mINSERT INTO "palestras" ("data", "created_at", "nome", "updated_at", "horario", "palestrante") VALUES('2011-06-30', '2011-07-01 22:38:07', 'Learning Kaizen from TOYOTA', '2011-07-01 22:38:07', '2000-01-01 11:00:00', 'Kenji Hiranabe')[0m
  [4;35;1mPalestra Create (0.2ms)[0m   [0mINSERT INTO "palestras" ("data", "created_at", "nome", "updated_at", "horario", "palestrante") VALUES('2011-06-30', '2011-07-01 22:38:07', 'Desmistificando o Trunk Based Development', '2011-07-01 22:38:07', '2000-01-01 12:00:00', 'Carlos Lopes e Guilherme Lacerda')[0m
  [4;36;1mPalestra Create (0.2ms)[0m   [0;1mINSERT INTO "palestras" ("data", "created_at", "nome", "updated_at", "horario", "palestrante") VALUES('2011-06-30', '2011-07-01 22:38:07', 'Como uma Empresa de Mecatrônica Aderiu a Taskboards e Kanbans na sua Gestão à Vista', '2011-07-01 22:38:07', '2000-01-01 12:00:00', 'Teresa Maciel')[0m
  [4;35;1mPalestra Create (0.2ms)[0m   [0mINSERT INTO "palestras" ("data", "created_at", "nome", "updated_at", "horario", "palestrante") VALUES('2011-06-30', '2011-07-01 22:38:07', 'LIGHTNING TALKS 4', '2011-07-01 22:38:07', '2000-01-01 12:00:00', 'Danilo Sato, Daniel Wildt, Giovanni Bassi, Felipe Rodrigues de Almeida, Manoel Pimentel Medeiros')[0m
  [4;36;1mPalestra Create (0.2ms)[0m   [0;1mINSERT INTO "palestras" ("data", "created_at", "nome", "updated_at", "horario", "palestrante") VALUES('2011-06-30', '2011-07-01 22:38:07', 'O grandiosismo dos loucos', '2011-07-01 22:38:07', '2000-01-01 12:00:00', 'Cecilia Fernandes e Guilherme Silveira')[0m
  [4;35;1mPalestra Create (0.2ms)[0m   [0mINSERT INTO "palestras" ("data", "created_at", "nome", "updated_at", "horario", "palestrante") VALUES('2011-06-30', '2011-07-01 22:38:07', 'Integrando equipes ágeis. Um overview sobre os problemas em escalar agilidade', '2011-07-01 22:38:07', '2000-01-01 14:30:00', 'Emerson Carvalho e Anderson Faria')[0m
  [4;36;1mPalestra Create (0.2ms)[0m   [0;1mINSERT INTO "palestras" ("data", "created_at", "nome", "updated_at", "horario", "palestrante") VALUES('2011-06-30', '2011-07-01 22:38:07', 'Testes unitários com C++', '2011-07-01 22:38:07', '2000-01-01 14:30:00', 'Ramiro Batista da Luz')[0m
  [4;35;1mPalestra Create (0.2ms)[0m   [0mINSERT INTO "palestras" ("data", "created_at", "nome", "updated_at", "horario", "palestrante") VALUES('2011-06-30', '2011-07-01 22:38:07', 'StoryTouch: de protótipo a produto', '2011-07-01 22:38:07', '2000-01-01 14:30:00', 'Hugo Corbucci e Fernando Freire da Silva')[0m
  [4;36;1mPalestra Create (0.2ms)[0m   [0;1mINSERT INTO "palestras" ("data", "created_at", "nome", "updated_at", "horario", "palestrante") VALUES('2011-06-30', '2011-07-01 22:38:07', 'Todo mundo nasce ágil', '2011-07-01 22:38:07', '2000-01-01 14:30:00', 'Saulo Arruda')[0m
  [4;35;1mPalestra Create (0.2ms)[0m   [0mINSERT INTO "palestras" ("data", "created_at", "nome", "updated_at", "horario", "palestrante") VALUES('2011-06-30', '2011-07-01 22:38:07', 'LIGHTNING TALKS 2', '2011-07-01 22:38:07', '2000-01-01 14:30:00', 'Bruno Pedroso, Rafael Barbosa Camargo, Manoel Pimentel Medeiros, Rodrigo Yoshima, Daniel Wildt')[0m
  [4;36;1mPalestra Create (0.2ms)[0m   [0;1mINSERT INTO "palestras" ("data", "created_at", "nome", "updated_at", "horario", "palestrante") VALUES('2011-06-30', '2011-07-01 22:38:07', 'Retrospectivas Ágeis', '2011-07-01 22:38:07', '2000-01-01 17:00:00', 'Vitor Pelizza')[0m
  [4;35;1mPalestra Create (0.2ms)[0m   [0mINSERT INTO "palestras" ("data", "created_at", "nome", "updated_at", "horario", "palestrante") VALUES('2011-06-30', '2011-07-01 22:38:07', 'Coding Dojo: Formato Kake', '2011-07-01 22:38:07', '2000-01-01 17:00:00', 'Hugo Corbucci e Mariana Bravo')[0m
  [4;36;1mPalestra Create (0.2ms)[0m   [0;1mINSERT INTO "palestras" ("data", "created_at", "nome", "updated_at", "horario", "palestrante") VALUES('2011-06-30', '2011-07-01 22:38:07', 'Scrum e a Espiral Positiva', '2011-07-01 22:38:07', '2000-01-01 17:00:00', 'Douglas Aguiar e Giovanni Bassi')[0m
  [4;35;1mPalestra Create (0.2ms)[0m   [0mINSERT INTO "palestras" ("data", "created_at", "nome", "updated_at", "horario", "palestrante") VALUES('2011-06-30', '2011-07-01 22:38:07', 'LIGHTNING TALKS 3', '2011-07-01 22:38:07', '2000-01-01 17:00:00', 'Matheus Haddad e Flavio Logullo, Rodrigo Branas, Leo Silva e Ulisses Telemaco, Rodolpho Ugolini Neto, Daniel Wildt e Hélio Medeiros')[0m
  [4;36;1mPalestra Create (0.2ms)[0m   [0;1mINSERT INTO "palestras" ("data", "created_at", "nome", "updated_at", "horario", "palestrante") VALUES('2011-06-30', '2011-07-01 22:38:07', 'Agile Transitions - Culture of Change or Change of Culture?', '2011-07-01 22:38:07', '2000-01-01 17:00:00', 'Thomas Lissajoux')[0m
  [4;35;1mPalestra Create (0.2ms)[0m   [0mINSERT INTO "palestras" ("data", "created_at", "nome", "updated_at", "horario", "palestrante") VALUES('2011-06-30', '2011-07-01 22:38:07', 'Ágil como Bruce Lee', '2011-07-01 22:38:07', '2000-01-01 18:00:00', 'Luiz Fernando Amorim Ribeiro e João Alberto Vortmann')[0m
  [4;36;1mPalestra Create (0.2ms)[0m   [0;1mINSERT INTO "palestras" ("data", "created_at", "nome", "updated_at", "horario", "palestrante") VALUES('2011-06-30', '2011-07-01 22:38:07', 'Dar caos à ordem', '2011-07-01 22:38:07', '2000-01-01 18:00:00', 'Christiano Milfont')[0m
  [4;35;1mPalestra Create (0.2ms)[0m   [0mINSERT INTO "palestras" ("data", "created_at", "nome", "updated_at", "horario", "palestrante") VALUES('2011-06-30', '2011-07-01 22:38:07', 'Otimizando a entrega de valor - Além de custo, prazo e escopo', '2011-07-01 22:38:07', '2000-01-01 18:00:00', 'Samuel Crescêncio')[0m
  [4;36;1mPalestra Create (0.2ms)[0m   [0;1mINSERT INTO "palestras" ("data", "created_at", "nome", "updated_at", "horario", "palestrante") VALUES('2011-06-30', '2011-07-01 22:38:07', 'Prepare a Sandwich like an Agile Business Analyst', '2011-07-01 22:38:07', '2000-01-01 18:00:00', 'Lucas Medina e Kimberley Szuta')[0m


Processing PalestrasController#index (for 127.0.0.1 at 2011-07-01 19:38:11) [GET]
  [4;35;1mPalestra Load (1.6ms)[0m   [0mSELECT * FROM "palestras" ORDER BY data DESC, horario ASC[0m
Rendering template within layouts/themes
Rendering palestras/index
Completed in 41ms (View: 30, DB: 2) | 200 OK [http://localhost/palestras]


Processing PalestrasController#index (for 127.0.0.1 at 2011-07-02 11:19:32) [GET]
  [4;36;1mPalestra Load (1.5ms)[0m   [0;1mSELECT * FROM "palestras" ORDER BY data DESC, horario ASC[0m
Rendering template within layouts/themes
Rendering palestras/index

ActionView::TemplateError (wrong number of arguments (1 for 0)) on line #13 of app/views/palestras/index.html.erb:
10:     <th>Horário</th>
11:   </tr>
12: <% @palestras_por_data[data].each do |palestra| %>
13:   <tr style="background-color: <%=h '#AAAAAA' if em_andamento?(palestra) %>">
14:     <td><%= link_to palestra.nome, palestra %></td>
15:     <td><%=h palestra.palestrante %></td>
16:     <td><%=h palestra.horario.to_s(:time) %></td>

    app/helpers/palestras_helper.rb:5:in `getlocal'
    app/helpers/palestras_helper.rb:5:in `em_andamento?'
    app/views/palestras/index.html.erb:13
    app/views/palestras/index.html.erb:12:in `each'
    app/views/palestras/index.html.erb:12
    app/views/palestras/index.html.erb:4:in `each'
    app/views/palestras/index.html.erb:4:in `each_with_index'
    app/views/palestras/index.html.erb:4
    app/controllers/palestras_controller.rb:13:in `index'
    /System/Library/Frameworks/Ruby.framework/Versions/1.8/usr/lib/ruby/1.8/webrick/httpserver.rb:104:in `service'
    /System/Library/Frameworks/Ruby.framework/Versions/1.8/usr/lib/ruby/1.8/webrick/httpserver.rb:65:in `run'
    /System/Library/Frameworks/Ruby.framework/Versions/1.8/usr/lib/ruby/1.8/webrick/server.rb:173:in `start_thread'
    /System/Library/Frameworks/Ruby.framework/Versions/1.8/usr/lib/ruby/1.8/webrick/server.rb:162:in `start'
    /System/Library/Frameworks/Ruby.framework/Versions/1.8/usr/lib/ruby/1.8/webrick/server.rb:162:in `start_thread'
    /System/Library/Frameworks/Ruby.framework/Versions/1.8/usr/lib/ruby/1.8/webrick/server.rb:95:in `start'
    /System/Library/Frameworks/Ruby.framework/Versions/1.8/usr/lib/ruby/1.8/webrick/server.rb:92:in `each'
    /System/Library/Frameworks/Ruby.framework/Versions/1.8/usr/lib/ruby/1.8/webrick/server.rb:92:in `start'
    /System/Library/Frameworks/Ruby.framework/Versions/1.8/usr/lib/ruby/1.8/webrick/server.rb:23:in `start'
    /System/Library/Frameworks/Ruby.framework/Versions/1.8/usr/lib/ruby/1.8/webrick/server.rb:82:in `start'

Rendered rescues/_trace (30.6ms)
Rendered rescues/_request_and_response (0.9ms)
Rendering rescues/layout (internal_server_error)


Processing PalestrasController#index (for 127.0.0.1 at 2011-07-02 11:20:19) [GET]
  [4;35;1mPalestra Load (1.4ms)[0m   [0mSELECT * FROM "palestras" ORDER BY data DESC, horario ASC[0m
Rendering template within layouts/themes
Rendering palestras/index
Completed in 85ms (View: 75, DB: 1) | 200 OK [http://localhost/]


Processing PalestrasController#show (for 127.0.0.1 at 2011-07-02 11:20:24) [GET]
  Parameters: {"id"=>"1"}
  [4;36;1mPalestra Load (0.2ms)[0m   [0;1mSELECT * FROM "palestras" WHERE ("palestras"."id" = 1) [0m
  [4;35;1mSQL (0.1ms)[0m   [0mSELECT avg("avaliacaos".valor) AS avg_valor FROM "avaliacaos" WHERE (palestra_id = 1) [0m
  [4;36;1mAvaliacao Load (0.1ms)[0m   [0;1mSELECT * FROM "avaliacaos" WHERE (palestra_id = 1 and comentario is not null and comentario <> '') [0m
Rendering template within layouts/themes
Rendering palestras/show
Completed in 15ms (View: 6, DB: 0) | 200 OK [http://localhost/palestras/1]


Processing AvaliacaoController#new (for 127.0.0.1 at 2011-07-02 11:20:28) [GET]
  Parameters: {"palestra_id"=>"1"}
  [4;35;1mPalestra Load (0.1ms)[0m   [0mSELECT * FROM "palestras" WHERE ("palestras"."id" = 1) [0m
Rendering template within layouts/themes
Rendering avaliacao/new
Completed in 16ms (View: 10, DB: 0) | 200 OK [http://localhost/palestras/1/avaliacao/new]


Processing AvaliacaoController#create (for 127.0.0.1 at 2011-07-02 11:20:34) [POST]
  Parameters: {"commit"=>"Avaliar!", "palestra_id"=>"1", "authenticity_token"=>"bZvicAcOrtH4TGbjCjhYlPKOK394FLnFaWt6idflSYQ=", "avaliacao"=>{"comentario"=>"", "valor"=>"5"}}
  [4;36;1mPalestra Load (0.2ms)[0m   [0;1mSELECT * FROM "palestras" WHERE ("palestras"."id" = 1) [0m
  [4;35;1mAvaliacao Create (0.4ms)[0m   [0mINSERT INTO "avaliacaos" ("comentario", "created_at", "avaliador_id", "updated_at", "valor", "palestra_id") VALUES('', '2011-07-02 14:20:34', NULL, '2011-07-02 14:20:34', 5, 1)[0m
Redirected to http://localhost:3000/palestras
Completed in 59ms (DB: 1) | 302 Found [http://localhost/palestras/1/avaliacao]


Processing PalestrasController#index (for 127.0.0.1 at 2011-07-02 11:20:34) [GET]
  [4;36;1mPalestra Load (1.5ms)[0m   [0;1mSELECT * FROM "palestras" ORDER BY data DESC, horario ASC[0m
Rendering template within layouts/themes
Rendering palestras/index
Completed in 34ms (View: 25, DB: 1) | 200 OK [http://localhost/palestras]


Processing PalestrasController#show (for 127.0.0.1 at 2011-07-02 11:20:36) [GET]
  Parameters: {"id"=>"1"}
  [4;35;1mPalestra Load (0.1ms)[0m   [0mSELECT * FROM "palestras" WHERE ("palestras"."id" = 1) [0m
  [4;36;1mSQL (0.1ms)[0m   [0;1mSELECT avg("avaliacaos".valor) AS avg_valor FROM "avaliacaos" WHERE (palestra_id = 1) [0m
  [4;35;1mAvaliacao Load (0.1ms)[0m   [0mSELECT * FROM "avaliacaos" WHERE (palestra_id = 1 and comentario is not null and comentario <> '') [0m
Rendering template within layouts/themes
Rendering palestras/show

ActionView::TemplateError (undefined method `avaliacaos' for #<Palestra:0x10426de28>) on line #27 of app/views/palestras/show.html.erb:
24:   <b>Avaliação Média:</b>
25:   <%if @media %>
26:     <%=h number_with_precision(@media, :precision => 2, :separator => ',') %>
27:     (<%=h @palestra.avaliacaos.count %>)
28:   <%else%> - <%end%>
29: <p>
30: 

    app/views/palestras/show.html.erb:27
    app/controllers/palestras_controller.rb:24:in `show'
    /System/Library/Frameworks/Ruby.framework/Versions/1.8/usr/lib/ruby/1.8/webrick/httpserver.rb:104:in `service'
    /System/Library/Frameworks/Ruby.framework/Versions/1.8/usr/lib/ruby/1.8/webrick/httpserver.rb:65:in `run'
    /System/Library/Frameworks/Ruby.framework/Versions/1.8/usr/lib/ruby/1.8/webrick/server.rb:173:in `start_thread'
    /System/Library/Frameworks/Ruby.framework/Versions/1.8/usr/lib/ruby/1.8/webrick/server.rb:162:in `start'
    /System/Library/Frameworks/Ruby.framework/Versions/1.8/usr/lib/ruby/1.8/webrick/server.rb:162:in `start_thread'
    /System/Library/Frameworks/Ruby.framework/Versions/1.8/usr/lib/ruby/1.8/webrick/server.rb:95:in `start'
    /System/Library/Frameworks/Ruby.framework/Versions/1.8/usr/lib/ruby/1.8/webrick/server.rb:92:in `each'
    /System/Library/Frameworks/Ruby.framework/Versions/1.8/usr/lib/ruby/1.8/webrick/server.rb:92:in `start'
    /System/Library/Frameworks/Ruby.framework/Versions/1.8/usr/lib/ruby/1.8/webrick/server.rb:23:in `start'
    /System/Library/Frameworks/Ruby.framework/Versions/1.8/usr/lib/ruby/1.8/webrick/server.rb:82:in `start'

Rendered rescues/_trace (74.4ms)
Rendered rescues/_request_and_response (0.2ms)
Rendering rescues/layout (internal_server_error)


Processing PalestrasController#show (for 127.0.0.1 at 2011-07-02 11:21:10) [GET]
  Parameters: {"id"=>"1"}
  [4;36;1mPalestra Load (0.1ms)[0m   [0;1mSELECT * FROM "palestras" WHERE ("palestras"."id" = 1) [0m
  [4;35;1mSQL (0.2ms)[0m   [0mSELECT avg("avaliacaos".valor) AS avg_valor FROM "avaliacaos" WHERE (palestra_id = 1) [0m
  [4;36;1mAvaliacao Load (0.1ms)[0m   [0;1mSELECT * FROM "avaliacaos" WHERE (palestra_id = 1 and comentario is not null and comentario <> '') [0m
Rendering template within layouts/themes
Rendering palestras/show

ActionView::TemplateError (undefined method `avaliacaos' for #<Palestra:0x1043fa2c8>) on line #27 of app/views/palestras/show.html.erb:
24:   <b>Avaliação Média:</b>
25:   <%if @media %>
26:     <%=h number_with_precision(@media, :precision => 2, :separator => ',') %>
27:     (<%=h @palestra.avaliacaos.count %>)
28:   <%else%> - <%end%>
29: <p>
30: 

    app/views/palestras/show.html.erb:27
    app/controllers/palestras_controller.rb:24:in `show'
    /System/Library/Frameworks/Ruby.framework/Versions/1.8/usr/lib/ruby/1.8/webrick/httpserver.rb:104:in `service'
    /System/Library/Frameworks/Ruby.framework/Versions/1.8/usr/lib/ruby/1.8/webrick/httpserver.rb:65:in `run'
    /System/Library/Frameworks/Ruby.framework/Versions/1.8/usr/lib/ruby/1.8/webrick/server.rb:173:in `start_thread'
    /System/Library/Frameworks/Ruby.framework/Versions/1.8/usr/lib/ruby/1.8/webrick/server.rb:162:in `start'
    /System/Library/Frameworks/Ruby.framework/Versions/1.8/usr/lib/ruby/1.8/webrick/server.rb:162:in `start_thread'
    /System/Library/Frameworks/Ruby.framework/Versions/1.8/usr/lib/ruby/1.8/webrick/server.rb:95:in `start'
    /System/Library/Frameworks/Ruby.framework/Versions/1.8/usr/lib/ruby/1.8/webrick/server.rb:92:in `each'
    /System/Library/Frameworks/Ruby.framework/Versions/1.8/usr/lib/ruby/1.8/webrick/server.rb:92:in `start'
    /System/Library/Frameworks/Ruby.framework/Versions/1.8/usr/lib/ruby/1.8/webrick/server.rb:23:in `start'
    /System/Library/Frameworks/Ruby.framework/Versions/1.8/usr/lib/ruby/1.8/webrick/server.rb:82:in `start'

Rendered rescues/_trace (25.0ms)
Rendered rescues/_request_and_response (0.3ms)
Rendering rescues/layout (internal_server_error)


Processing PalestrasController#show (for 127.0.0.1 at 2011-07-02 11:21:20) [GET]
  Parameters: {"id"=>"1"}
  [4;35;1mPalestra Load (0.2ms)[0m   [0mSELECT * FROM "palestras" WHERE ("palestras"."id" = 1) [0m
  [4;36;1mSQL (0.1ms)[0m   [0;1mSELECT avg("avaliacaos".valor) AS avg_valor FROM "avaliacaos" WHERE (palestra_id = 1) [0m
  [4;35;1mAvaliacao Load (0.1ms)[0m   [0mSELECT * FROM "avaliacaos" WHERE (palestra_id = 1 and comentario is not null and comentario <> '') [0m
Rendering template within layouts/themes
Rendering palestras/show

ActionView::TemplateError (undefined method `avaliacoes' for #<Palestra:0x104109690>) on line #27 of app/views/palestras/show.html.erb:
24:   <b>Avaliação Média:</b>
25:   <%if @media %>
26:     <%=h number_with_precision(@media, :precision => 2, :separator => ',') %>
27:     (<%=h @palestra.avaliacoes.count %>)
28:   <%else%> - <%end%>
29: <p>
30: 

    app/views/palestras/show.html.erb:27
    app/controllers/palestras_controller.rb:24:in `show'
    /System/Library/Frameworks/Ruby.framework/Versions/1.8/usr/lib/ruby/1.8/webrick/httpserver.rb:104:in `service'
    /System/Library/Frameworks/Ruby.framework/Versions/1.8/usr/lib/ruby/1.8/webrick/httpserver.rb:65:in `run'
    /System/Library/Frameworks/Ruby.framework/Versions/1.8/usr/lib/ruby/1.8/webrick/server.rb:173:in `start_thread'
    /System/Library/Frameworks/Ruby.framework/Versions/1.8/usr/lib/ruby/1.8/webrick/server.rb:162:in `start'
    /System/Library/Frameworks/Ruby.framework/Versions/1.8/usr/lib/ruby/1.8/webrick/server.rb:162:in `start_thread'
    /System/Library/Frameworks/Ruby.framework/Versions/1.8/usr/lib/ruby/1.8/webrick/server.rb:95:in `start'
    /System/Library/Frameworks/Ruby.framework/Versions/1.8/usr/lib/ruby/1.8/webrick/server.rb:92:in `each'
    /System/Library/Frameworks/Ruby.framework/Versions/1.8/usr/lib/ruby/1.8/webrick/server.rb:92:in `start'
    /System/Library/Frameworks/Ruby.framework/Versions/1.8/usr/lib/ruby/1.8/webrick/server.rb:23:in `start'
    /System/Library/Frameworks/Ruby.framework/Versions/1.8/usr/lib/ruby/1.8/webrick/server.rb:82:in `start'

Rendered rescues/_trace (24.6ms)
Rendered rescues/_request_and_response (0.2ms)
Rendering rescues/layout (internal_server_error)


Processing PalestrasController#show (for 127.0.0.1 at 2011-07-02 11:21:28) [GET]
  Parameters: {"id"=>"1"}
  [4;36;1mPalestra Load (0.2ms)[0m   [0;1mSELECT * FROM "palestras" WHERE ("palestras"."id" = 1) [0m
  [4;35;1mSQL (0.2ms)[0m   [0mSELECT avg("avaliacaos".valor) AS avg_valor FROM "avaliacaos" WHERE (palestra_id = 1) [0m
  [4;36;1mAvaliacao Load (0.1ms)[0m   [0;1mSELECT * FROM "avaliacaos" WHERE (palestra_id = 1 and comentario is not null and comentario <> '') [0m
Rendering template within layouts/themes
Rendering palestras/show
  [4;35;1mSQL (0.2ms)[0m   [0mSELECT count(*) AS count_all FROM "avaliacaos" WHERE ("avaliacaos".palestra_id = 1) [0m
Completed in 21ms (View: 11, DB: 1) | 200 OK [http://localhost/palestras/1]


Processing PalestrasController#show (for 127.0.0.1 at 2011-07-02 11:23:33) [GET]
  Parameters: {"id"=>"1"}
  [4;36;1mPalestra Load (0.2ms)[0m   [0;1mSELECT * FROM "palestras" WHERE ("palestras"."id" = 1) [0m
  [4;35;1mSQL (0.2ms)[0m   [0mSELECT avg("avaliacaos".valor) AS avg_valor FROM "avaliacaos" WHERE (palestra_id = 1) [0m
  [4;36;1mAvaliacao Load (0.1ms)[0m   [0;1mSELECT * FROM "avaliacaos" WHERE (palestra_id = 1 and comentario is not null and comentario <> '') [0m
Rendering template within layouts/themes
Rendering palestras/show
  [4;35;1mSQL (0.2ms)[0m   [0mSELECT count(*) AS count_all FROM "avaliacaos" WHERE ("avaliacaos".palestra_id = 1) [0m
Completed in 65ms (View: 8, DB: 1) | 200 OK [http://localhost/palestras/1]


Processing AvaliacaoController#new (for 127.0.0.1 at 2011-07-02 11:23:37) [GET]
  Parameters: {"palestra_id"=>"1"}
  [4;36;1mPalestra Load (0.1ms)[0m   [0;1mSELECT * FROM "palestras" WHERE ("palestras"."id" = 1) [0m
Rendering template within layouts/themes
Rendering avaliacao/new
Completed in 14ms (View: 7, DB: 0) | 200 OK [http://localhost/palestras/1/avaliacao/new]


Processing AvaliacaoController#create (for 127.0.0.1 at 2011-07-02 11:23:43) [POST]
  Parameters: {"commit"=>"Avaliar!", "palestra_id"=>"1", "authenticity_token"=>"bZvicAcOrtH4TGbjCjhYlPKOK394FLnFaWt6idflSYQ=", "avaliacao"=>{"comentario"=>"bla", "valor"=>"5"}}
  [4;35;1mPalestra Load (0.2ms)[0m   [0mSELECT * FROM "palestras" WHERE ("palestras"."id" = 1) [0m
  [4;36;1mAvaliacao Create (0.3ms)[0m   [0;1mINSERT INTO "avaliacaos" ("comentario", "created_at", "avaliador_id", "updated_at", "valor", "palestra_id") VALUES('bla', '2011-07-02 14:23:43', NULL, '2011-07-02 14:23:43', 5, 1)[0m
Redirected to http://localhost:3000/palestras
Completed in 14ms (DB: 1) | 302 Found [http://localhost/palestras/1/avaliacao]


Processing PalestrasController#index (for 127.0.0.1 at 2011-07-02 11:23:43) [GET]
  [4;35;1mPalestra Load (1.4ms)[0m   [0mSELECT * FROM "palestras" ORDER BY data DESC, horario ASC[0m
Rendering template within layouts/themes
Rendering palestras/index
Completed in 34ms (View: 25, DB: 1) | 200 OK [http://localhost/palestras]


Processing PalestrasController#show (for 127.0.0.1 at 2011-07-02 11:23:48) [GET]
  Parameters: {"id"=>"1"}
  [4;36;1mPalestra Load (0.1ms)[0m   [0;1mSELECT * FROM "palestras" WHERE ("palestras"."id" = 1) [0m
  [4;35;1mSQL (0.1ms)[0m   [0mSELECT avg("avaliacaos".valor) AS avg_valor FROM "avaliacaos" WHERE (palestra_id = 1) [0m
  [4;36;1mAvaliacao Load (0.1ms)[0m   [0;1mSELECT * FROM "avaliacaos" WHERE (palestra_id = 1 and comentario is not null and comentario <> '') [0m
Rendering template within layouts/themes
Rendering palestras/show
  [4;35;1mSQL (0.1ms)[0m   [0mSELECT count(*) AS count_all FROM "avaliacaos" WHERE ("avaliacaos".palestra_id = 1) [0m
Completed in 13ms (View: 6, DB: 1) | 200 OK [http://localhost/palestras/1]


Processing PalestrasController#show (for 127.0.0.1 at 2011-07-02 11:24:41) [GET]
  Parameters: {"id"=>"1"}
  [4;36;1mPalestra Load (0.2ms)[0m   [0;1mSELECT * FROM "palestras" WHERE ("palestras"."id" = 1) [0m
  [4;35;1mSQL (0.1ms)[0m   [0mSELECT avg("avaliacaos".valor) AS avg_valor FROM "avaliacaos" WHERE (palestra_id = 1) [0m
  [4;36;1mAvaliacao Load (0.1ms)[0m   [0;1mSELECT * FROM "avaliacaos" WHERE (palestra_id = 1 and comentario is not null and comentario <> '') [0m
Rendering template within layouts/themes
Rendering palestras/show
  [4;35;1mSQL (0.2ms)[0m   [0mSELECT count(*) AS count_all FROM "avaliacaos" WHERE ("avaliacaos".palestra_id = 1) [0m
Completed in 17ms (View: 9, DB: 1) | 200 OK [http://localhost/palestras/1]


Processing AvaliacaoController#new (for 127.0.0.1 at 2011-07-02 11:24:44) [GET]
  Parameters: {"palestra_id"=>"1"}
  [4;36;1mPalestra Load (0.1ms)[0m   [0;1mSELECT * FROM "palestras" WHERE ("palestras"."id" = 1) [0m
Rendering template within layouts/themes
Rendering avaliacao/new
Completed in 60ms (View: 53, DB: 0) | 200 OK [http://localhost/palestras/1/avaliacao/new]


Processing PalestrasController#index (for 127.0.0.1 at 2011-07-02 11:24:47) [GET]
  [4;35;1mPalestra Load (1.6ms)[0m   [0mSELECT * FROM "palestras" ORDER BY data DESC, horario ASC[0m
Rendering template within layouts/themes
Rendering palestras/index
Completed in 35ms (View: 25, DB: 2) | 200 OK [http://localhost/palestras]


Processing PalestrasController#show (for 127.0.0.1 at 2011-07-02 11:24:53) [GET]
  Parameters: {"id"=>"1"}
  [4;36;1mPalestra Load (0.1ms)[0m   [0;1mSELECT * FROM "palestras" WHERE ("palestras"."id" = 1) [0m
  [4;35;1mSQL (0.1ms)[0m   [0mSELECT avg("avaliacaos".valor) AS avg_valor FROM "avaliacaos" WHERE (palestra_id = 1) [0m
  [4;36;1mAvaliacao Load (0.1ms)[0m   [0;1mSELECT * FROM "avaliacaos" WHERE (palestra_id = 1 and comentario is not null and comentario <> '') [0m
Rendering template within layouts/themes
Rendering palestras/show
  [4;35;1mSQL (0.1ms)[0m   [0mSELECT count(*) AS count_all FROM "avaliacaos" WHERE ("avaliacaos".palestra_id = 1) [0m
Completed in 13ms (View: 5, DB: 0) | 200 OK [http://localhost/palestras/1]


Processing AvaliacaoController#new (for 127.0.0.1 at 2011-07-02 11:24:58) [GET]
  Parameters: {"palestra_id"=>"1"}
  [4;36;1mPalestra Load (0.1ms)[0m   [0;1mSELECT * FROM "palestras" WHERE ("palestras"."id" = 1) [0m
Rendering template within layouts/themes
Rendering avaliacao/new
Completed in 63ms (View: 56, DB: 0) | 200 OK [http://localhost/palestras/1/avaliacao/new]


Processing PalestrasController#index (for 127.0.0.1 at 2011-07-02 11:36:09) [GET]
  [4;35;1mPalestra Load (1.6ms)[0m   [0mSELECT * FROM "palestras" ORDER BY data DESC, horario ASC[0m
Rendering template within layouts/themes
Rendering palestras/index
Completed in 35ms (View: 25, DB: 2) | 200 OK [http://localhost/palestras]


Processing PalestrasController#index (for 127.0.0.1 at 2011-07-02 11:36:13) [GET]
  [4;36;1mPalestra Load (2.3ms)[0m   [0;1mSELECT * FROM "palestras" ORDER BY data DESC, horario ASC[0m
Rendering template within layouts/themes
Rendering palestras/index
Completed in 36ms (View: 24, DB: 2) | 200 OK [http://localhost/palestras]


Processing PalestrasController#index (for 127.0.0.1 at 2011-07-02 11:36:22) [GET]
  [4;35;1mPalestra Load (1.4ms)[0m   [0mSELECT * FROM "palestras" ORDER BY data DESC, horario ASC[0m
Rendering template within layouts/themes
Rendering palestras/index
Completed in 33ms (View: 25, DB: 1) | 200 OK [http://localhost/palestras]


Processing PalestrasController#index (for 127.0.0.1 at 2011-07-02 11:36:29) [GET]
  [4;36;1mPalestra Load (1.5ms)[0m   [0;1mSELECT * FROM "palestras" ORDER BY data DESC, horario ASC[0m
Rendering template within layouts/themes
Rendering palestras/index
Completed in 34ms (View: 24, DB: 1) | 200 OK [http://localhost/palestras]


Processing PalestrasController#index (for 127.0.0.1 at 2011-07-02 11:37:22) [GET]
  [4;36;1mPalestra Load (1.5ms)[0m   [0;1mSELECT * FROM "palestras" ORDER BY data DESC, horario ASC[0m
Rendering template within layouts/themes
Rendering palestras/index
Completed in 48ms (View: 34, DB: 2) | 200 OK [http://localhost/palestras]


Processing PalestrasController#index (for 127.0.0.1 at 2011-07-02 11:37:26) [GET]
  [4;35;1mPalestra Load (1.6ms)[0m   [0mSELECT * FROM "palestras" ORDER BY data DESC, horario ASC[0m
Rendering template within layouts/themes
Rendering palestras/index
Completed in 36ms (View: 26, DB: 2) | 200 OK [http://localhost/palestras]


Processing PalestrasController#index (for 127.0.0.1 at 2011-07-02 11:40:39) [GET]
  [4;36;1mPalestra Load (1.5ms)[0m   [0;1mSELECT * FROM "palestras" ORDER BY data DESC, horario ASC[0m
Rendering template within layouts/themes
Rendering palestras/index
Completed in 46ms (View: 32, DB: 1) | 200 OK [http://localhost/palestras]


Processing PalestrasController#index (for 127.0.0.1 at 2011-07-02 11:40:48) [GET]
  [4;35;1mPalestra Load (1.5ms)[0m   [0mSELECT * FROM "palestras" ORDER BY data DESC, horario ASC[0m
Rendering template within layouts/themes
Rendering palestras/index
Completed in 36ms (View: 26, DB: 1) | 200 OK [http://localhost/palestras]


Processing PalestrasController#index (for 127.0.0.1 at 2011-07-02 11:41:01) [GET]
  [4;36;1mPalestra Load (1.6ms)[0m   [0;1mSELECT * FROM "palestras" ORDER BY data DESC, horario ASC[0m
Rendering template within layouts/themes
Rendering palestras/index
Completed in 83ms (View: 26, DB: 2) | 200 OK [http://localhost/palestras]


Processing PalestrasController#index (for 127.0.0.1 at 2011-07-02 11:41:53) [GET]
  [4;35;1mPalestra Load (1.5ms)[0m   [0mSELECT * FROM "palestras" ORDER BY data DESC, horario ASC[0m
Rendering template within layouts/themes
Rendering palestras/index
  [4;36;1mSQL (0.2ms)[0m   [0;1mSELECT count(*) AS count_all FROM "avaliacaos" WHERE ("avaliacaos".palestra_id = 1) [0m
  [4;35;1mSQL (0.1ms)[0m   [0mSELECT count(*) AS count_all FROM "avaliacaos" WHERE ("avaliacaos".palestra_id = 2) [0m
  [4;36;1mSQL (0.1ms)[0m   [0;1mSELECT count(*) AS count_all FROM "avaliacaos" WHERE ("avaliacaos".palestra_id = 3) [0m
  [4;35;1mSQL (0.1ms)[0m   [0mSELECT count(*) AS count_all FROM "avaliacaos" WHERE ("avaliacaos".palestra_id = 4) [0m
  [4;36;1mSQL (0.1ms)[0m   [0;1mSELECT count(*) AS count_all FROM "avaliacaos" WHERE ("avaliacaos".palestra_id = 5) [0m
  [4;35;1mSQL (0.1ms)[0m   [0mSELECT count(*) AS count_all FROM "avaliacaos" WHERE ("avaliacaos".palestra_id = 6) [0m
  [4;36;1mSQL (0.1ms)[0m   [0;1mSELECT count(*) AS count_all FROM "avaliacaos" WHERE ("avaliacaos".palestra_id = 7) [0m
  [4;35;1mSQL (0.1ms)[0m   [0mSELECT count(*) AS count_all FROM "avaliacaos" WHERE ("avaliacaos".palestra_id = 8) [0m
  [4;36;1mSQL (0.1ms)[0m   [0;1mSELECT count(*) AS count_all FROM "avaliacaos" WHERE ("avaliacaos".palestra_id = 9) [0m
  [4;35;1mSQL (0.1ms)[0m   [0mSELECT count(*) AS count_all FROM "avaliacaos" WHERE ("avaliacaos".palestra_id = 10) [0m
  [4;36;1mSQL (0.1ms)[0m   [0;1mSELECT count(*) AS count_all FROM "avaliacaos" WHERE ("avaliacaos".palestra_id = 11) [0m
  [4;35;1mSQL (0.1ms)[0m   [0mSELECT count(*) AS count_all FROM "avaliacaos" WHERE ("avaliacaos".palestra_id = 12) [0m
  [4;36;1mSQL (0.1ms)[0m   [0;1mSELECT count(*) AS count_all FROM "avaliacaos" WHERE ("avaliacaos".palestra_id = 13) [0m
  [4;35;1mSQL (0.1ms)[0m   [0mSELECT count(*) AS count_all FROM "avaliacaos" WHERE ("avaliacaos".palestra_id = 14) [0m
  [4;36;1mSQL (0.1ms)[0m   [0;1mSELECT count(*) AS count_all FROM "avaliacaos" WHERE ("avaliacaos".palestra_id = 15) [0m
  [4;35;1mSQL (0.1ms)[0m   [0mSELECT count(*) AS count_all FROM "avaliacaos" WHERE ("avaliacaos".palestra_id = 16) [0m
  [4;36;1mSQL (0.1ms)[0m   [0;1mSELECT count(*) AS count_all FROM "avaliacaos" WHERE ("avaliacaos".palestra_id = 17) [0m
  [4;35;1mSQL (0.1ms)[0m   [0mSELECT count(*) AS count_all FROM "avaliacaos" WHERE ("avaliacaos".palestra_id = 18) [0m
  [4;36;1mSQL (0.1ms)[0m   [0;1mSELECT count(*) AS count_all FROM "avaliacaos" WHERE ("avaliacaos".palestra_id = 19) [0m
  [4;35;1mSQL (0.1ms)[0m   [0mSELECT count(*) AS count_all FROM "avaliacaos" WHERE ("avaliacaos".palestra_id = 20) [0m
  [4;36;1mSQL (0.1ms)[0m   [0;1mSELECT count(*) AS count_all FROM "avaliacaos" WHERE ("avaliacaos".palestra_id = 21) [0m
  [4;35;1mSQL (0.1ms)[0m   [0mSELECT count(*) AS count_all FROM "avaliacaos" WHERE ("avaliacaos".palestra_id = 22) [0m
  [4;36;1mSQL (0.1ms)[0m   [0;1mSELECT count(*) AS count_all FROM "avaliacaos" WHERE ("avaliacaos".palestra_id = 23) [0m
  [4;35;1mSQL (0.1ms)[0m   [0mSELECT count(*) AS count_all FROM "avaliacaos" WHERE ("avaliacaos".palestra_id = 24) [0m
  [4;36;1mSQL (0.1ms)[0m   [0;1mSELECT count(*) AS count_all FROM "avaliacaos" WHERE ("avaliacaos".palestra_id = 25) [0m
  [4;35;1mSQL (0.1ms)[0m   [0mSELECT count(*) AS count_all FROM "avaliacaos" WHERE ("avaliacaos".palestra_id = 26) [0m
  [4;36;1mSQL (0.1ms)[0m   [0;1mSELECT count(*) AS count_all FROM "avaliacaos" WHERE ("avaliacaos".palestra_id = 27) [0m
  [4;35;1mSQL (0.1ms)[0m   [0mSELECT count(*) AS count_all FROM "avaliacaos" WHERE ("avaliacaos".palestra_id = 28) [0m
  [4;36;1mSQL (0.1ms)[0m   [0;1mSELECT count(*) AS count_all FROM "avaliacaos" WHERE ("avaliacaos".palestra_id = 29) [0m
  [4;35;1mSQL (0.1ms)[0m   [0mSELECT count(*) AS count_all FROM "avaliacaos" WHERE ("avaliacaos".palestra_id = 30) [0m
  [4;36;1mSQL (0.1ms)[0m   [0;1mSELECT count(*) AS count_all FROM "avaliacaos" WHERE ("avaliacaos".palestra_id = 31) [0m
  [4;35;1mSQL (0.1ms)[0m   [0mSELECT count(*) AS count_all FROM "avaliacaos" WHERE ("avaliacaos".palestra_id = 32) [0m
  [4;36;1mSQL (0.1ms)[0m   [0;1mSELECT count(*) AS count_all FROM "avaliacaos" WHERE ("avaliacaos".palestra_id = 33) [0m
  [4;35;1mSQL (0.1ms)[0m   [0mSELECT count(*) AS count_all FROM "avaliacaos" WHERE ("avaliacaos".palestra_id = 34) [0m
  [4;36;1mSQL (0.1ms)[0m   [0;1mSELECT count(*) AS count_all FROM "avaliacaos" WHERE ("avaliacaos".palestra_id = 35) [0m
  [4;35;1mSQL (0.1ms)[0m   [0mSELECT count(*) AS count_all FROM "avaliacaos" WHERE ("avaliacaos".palestra_id = 36) [0m
  [4;36;1mSQL (0.1ms)[0m   [0;1mSELECT count(*) AS count_all FROM "avaliacaos" WHERE ("avaliacaos".palestra_id = 37) [0m
  [4;35;1mSQL (0.1ms)[0m   [0mSELECT count(*) AS count_all FROM "avaliacaos" WHERE ("avaliacaos".palestra_id = 38) [0m
  [4;36;1mSQL (0.1ms)[0m   [0;1mSELECT count(*) AS count_all FROM "avaliacaos" WHERE ("avaliacaos".palestra_id = 39) [0m
  [4;35;1mSQL (0.1ms)[0m   [0mSELECT count(*) AS count_all FROM "avaliacaos" WHERE ("avaliacaos".palestra_id = 40) [0m
  [4;36;1mSQL (0.1ms)[0m   [0;1mSELECT count(*) AS count_all FROM "avaliacaos" WHERE ("avaliacaos".palestra_id = 41) [0m
  [4;35;1mSQL (0.1ms)[0m   [0mSELECT count(*) AS count_all FROM "avaliacaos" WHERE ("avaliacaos".palestra_id = 42) [0m
  [4;36;1mSQL (0.1ms)[0m   [0;1mSELECT count(*) AS count_all FROM "avaliacaos" WHERE ("avaliacaos".palestra_id = 43) [0m
  [4;35;1mSQL (0.1ms)[0m   [0mSELECT count(*) AS count_all FROM "avaliacaos" WHERE ("avaliacaos".palestra_id = 44) [0m
  [4;36;1mSQL (0.2ms)[0m   [0;1mSELECT count(*) AS count_all FROM "avaliacaos" WHERE ("avaliacaos".palestra_id = 45) [0m
  [4;35;1mSQL (0.1ms)[0m   [0mSELECT count(*) AS count_all FROM "avaliacaos" WHERE ("avaliacaos".palestra_id = 46) [0m
  [4;36;1mSQL (0.1ms)[0m   [0;1mSELECT count(*) AS count_all FROM "avaliacaos" WHERE ("avaliacaos".palestra_id = 47) [0m
  [4;35;1mSQL (0.1ms)[0m   [0mSELECT count(*) AS count_all FROM "avaliacaos" WHERE ("avaliacaos".palestra_id = 48) [0m
  [4;36;1mSQL (0.1ms)[0m   [0;1mSELECT count(*) AS count_all FROM "avaliacaos" WHERE ("avaliacaos".palestra_id = 49) [0m
Completed in 65ms (View: 51, DB: 6) | 200 OK [http://localhost/palestras]


Processing PalestrasController#index (for 127.0.0.1 at 2011-07-02 11:42:05) [GET]
  [4;35;1mPalestra Load (2.5ms)[0m   [0mSELECT * FROM "palestras" ORDER BY data DESC, horario ASC[0m
Rendering template within layouts/themes
Rendering palestras/index
  [4;36;1mSQL (0.2ms)[0m   [0;1mSELECT count(*) AS count_all FROM "avaliacaos" WHERE ("avaliacaos".palestra_id = 1) [0m
  [4;35;1mSQL (0.1ms)[0m   [0mSELECT count(*) AS count_all FROM "avaliacaos" WHERE ("avaliacaos".palestra_id = 2) [0m
  [4;36;1mSQL (0.1ms)[0m   [0;1mSELECT count(*) AS count_all FROM "avaliacaos" WHERE ("avaliacaos".palestra_id = 3) [0m
  [4;35;1mSQL (0.1ms)[0m   [0mSELECT count(*) AS count_all FROM "avaliacaos" WHERE ("avaliacaos".palestra_id = 4) [0m
  [4;36;1mSQL (0.1ms)[0m   [0;1mSELECT count(*) AS count_all FROM "avaliacaos" WHERE ("avaliacaos".palestra_id = 5) [0m
  [4;35;1mSQL (0.1ms)[0m   [0mSELECT count(*) AS count_all FROM "avaliacaos" WHERE ("avaliacaos".palestra_id = 6) [0m
  [4;36;1mSQL (0.1ms)[0m   [0;1mSELECT count(*) AS count_all FROM "avaliacaos" WHERE ("avaliacaos".palestra_id = 7) [0m
  [4;35;1mSQL (0.1ms)[0m   [0mSELECT count(*) AS count_all FROM "avaliacaos" WHERE ("avaliacaos".palestra_id = 8) [0m
  [4;36;1mSQL (0.1ms)[0m   [0;1mSELECT count(*) AS count_all FROM "avaliacaos" WHERE ("avaliacaos".palestra_id = 9) [0m
  [4;35;1mSQL (0.1ms)[0m   [0mSELECT count(*) AS count_all FROM "avaliacaos" WHERE ("avaliacaos".palestra_id = 10) [0m
  [4;36;1mSQL (0.1ms)[0m   [0;1mSELECT count(*) AS count_all FROM "avaliacaos" WHERE ("avaliacaos".palestra_id = 11) [0m
  [4;35;1mSQL (0.1ms)[0m   [0mSELECT count(*) AS count_all FROM "avaliacaos" WHERE ("avaliacaos".palestra_id = 12) [0m
  [4;36;1mSQL (0.1ms)[0m   [0;1mSELECT count(*) AS count_all FROM "avaliacaos" WHERE ("avaliacaos".palestra_id = 13) [0m
  [4;35;1mSQL (0.1ms)[0m   [0mSELECT count(*) AS count_all FROM "avaliacaos" WHERE ("avaliacaos".palestra_id = 14) [0m
  [4;36;1mSQL (0.1ms)[0m   [0;1mSELECT count(*) AS count_all FROM "avaliacaos" WHERE ("avaliacaos".palestra_id = 15) [0m
  [4;35;1mSQL (0.1ms)[0m   [0mSELECT count(*) AS count_all FROM "avaliacaos" WHERE ("avaliacaos".palestra_id = 16) [0m
  [4;36;1mSQL (0.1ms)[0m   [0;1mSELECT count(*) AS count_all FROM "avaliacaos" WHERE ("avaliacaos".palestra_id = 17) [0m
  [4;35;1mSQL (0.1ms)[0m   [0mSELECT count(*) AS count_all FROM "avaliacaos" WHERE ("avaliacaos".palestra_id = 18) [0m
  [4;36;1mSQL (0.1ms)[0m   [0;1mSELECT count(*) AS count_all FROM "avaliacaos" WHERE ("avaliacaos".palestra_id = 19) [0m
  [4;35;1mSQL (0.1ms)[0m   [0mSELECT count(*) AS count_all FROM "avaliacaos" WHERE ("avaliacaos".palestra_id = 20) [0m
  [4;36;1mSQL (0.1ms)[0m   [0;1mSELECT count(*) AS count_all FROM "avaliacaos" WHERE ("avaliacaos".palestra_id = 21) [0m
  [4;35;1mSQL (0.1ms)[0m   [0mSELECT count(*) AS count_all FROM "avaliacaos" WHERE ("avaliacaos".palestra_id = 22) [0m
  [4;36;1mSQL (0.1ms)[0m   [0;1mSELECT count(*) AS count_all FROM "avaliacaos" WHERE ("avaliacaos".palestra_id = 23) [0m
  [4;35;1mSQL (0.1ms)[0m   [0mSELECT count(*) AS count_all FROM "avaliacaos" WHERE ("avaliacaos".palestra_id = 24) [0m
  [4;36;1mSQL (0.1ms)[0m   [0;1mSELECT count(*) AS count_all FROM "avaliacaos" WHERE ("avaliacaos".palestra_id = 25) [0m
  [4;35;1mSQL (0.1ms)[0m   [0mSELECT count(*) AS count_all FROM "avaliacaos" WHERE ("avaliacaos".palestra_id = 26) [0m
  [4;36;1mSQL (0.1ms)[0m   [0;1mSELECT count(*) AS count_all FROM "avaliacaos" WHERE ("avaliacaos".palestra_id = 27) [0m
  [4;35;1mSQL (0.1ms)[0m   [0mSELECT count(*) AS count_all FROM "avaliacaos" WHERE ("avaliacaos".palestra_id = 28) [0m
  [4;36;1mSQL (0.1ms)[0m   [0;1mSELECT count(*) AS count_all FROM "avaliacaos" WHERE ("avaliacaos".palestra_id = 29) [0m
  [4;35;1mSQL (0.1ms)[0m   [0mSELECT count(*) AS count_all FROM "avaliacaos" WHERE ("avaliacaos".palestra_id = 30) [0m
  [4;36;1mSQL (0.1ms)[0m   [0;1mSELECT count(*) AS count_all FROM "avaliacaos" WHERE ("avaliacaos".palestra_id = 31) [0m
  [4;35;1mSQL (0.1ms)[0m   [0mSELECT count(*) AS count_all FROM "avaliacaos" WHERE ("avaliacaos".palestra_id = 32) [0m
  [4;36;1mSQL (0.1ms)[0m   [0;1mSELECT count(*) AS count_all FROM "avaliacaos" WHERE ("avaliacaos".palestra_id = 33) [0m
  [4;35;1mSQL (0.1ms)[0m   [0mSELECT count(*) AS count_all FROM "avaliacaos" WHERE ("avaliacaos".palestra_id = 34) [0m
  [4;36;1mSQL (0.1ms)[0m   [0;1mSELECT count(*) AS count_all FROM "avaliacaos" WHERE ("avaliacaos".palestra_id = 35) [0m
  [4;35;1mSQL (0.1ms)[0m   [0mSELECT count(*) AS count_all FROM "avaliacaos" WHERE ("avaliacaos".palestra_id = 36) [0m
  [4;36;1mSQL (0.1ms)[0m   [0;1mSELECT count(*) AS count_all FROM "avaliacaos" WHERE ("avaliacaos".palestra_id = 37) [0m
  [4;35;1mSQL (0.1ms)[0m   [0mSELECT count(*) AS count_all FROM "avaliacaos" WHERE ("avaliacaos".palestra_id = 38) [0m
  [4;36;1mSQL (0.1ms)[0m   [0;1mSELECT count(*) AS count_all FROM "avaliacaos" WHERE ("avaliacaos".palestra_id = 39) [0m
  [4;35;1mSQL (0.1ms)[0m   [0mSELECT count(*) AS count_all FROM "avaliacaos" WHERE ("avaliacaos".palestra_id = 40) [0m
  [4;36;1mSQL (0.1ms)[0m   [0;1mSELECT count(*) AS count_all FROM "avaliacaos" WHERE ("avaliacaos".palestra_id = 41) [0m
  [4;35;1mSQL (0.1ms)[0m   [0mSELECT count(*) AS count_all FROM "avaliacaos" WHERE ("avaliacaos".palestra_id = 42) [0m
  [4;36;1mSQL (0.1ms)[0m   [0;1mSELECT count(*) AS count_all FROM "avaliacaos" WHERE ("avaliacaos".palestra_id = 43) [0m
  [4;35;1mSQL (0.1ms)[0m   [0mSELECT count(*) AS count_all FROM "avaliacaos" WHERE ("avaliacaos".palestra_id = 44) [0m
  [4;36;1mSQL (0.1ms)[0m   [0;1mSELECT count(*) AS count_all FROM "avaliacaos" WHERE ("avaliacaos".palestra_id = 45) [0m
  [4;35;1mSQL (0.1ms)[0m   [0mSELECT count(*) AS count_all FROM "avaliacaos" WHERE ("avaliacaos".palestra_id = 46) [0m
  [4;36;1mSQL (0.1ms)[0m   [0;1mSELECT count(*) AS count_all FROM "avaliacaos" WHERE ("avaliacaos".palestra_id = 47) [0m
  [4;35;1mSQL (0.1ms)[0m   [0mSELECT count(*) AS count_all FROM "avaliacaos" WHERE ("avaliacaos".palestra_id = 48) [0m
  [4;36;1mSQL (0.1ms)[0m   [0;1mSELECT count(*) AS count_all FROM "avaliacaos" WHERE ("avaliacaos".palestra_id = 49) [0m
Completed in 65ms (View: 48, DB: 7) | 200 OK [http://localhost/palestras]


Processing PalestrasController#index (for 127.0.0.1 at 2011-07-02 11:43:19) [GET]
  [4;35;1mPalestra Load (1.4ms)[0m   [0mSELECT * FROM "palestras" ORDER BY data DESC, horario ASC[0m
Rendering template within layouts/themes
Rendering palestras/index
  [4;36;1mSQL (0.1ms)[0m   [0;1mSELECT count(*) AS count_all FROM "avaliacaos" WHERE ("avaliacaos".palestra_id = 1) [0m
  [4;35;1mSQL (0.1ms)[0m   [0mSELECT count(*) AS count_all FROM "avaliacaos" WHERE ("avaliacaos".palestra_id = 2) [0m
  [4;36;1mSQL (0.1ms)[0m   [0;1mSELECT count(*) AS count_all FROM "avaliacaos" WHERE ("avaliacaos".palestra_id = 3) [0m
  [4;35;1mSQL (0.1ms)[0m   [0mSELECT count(*) AS count_all FROM "avaliacaos" WHERE ("avaliacaos".palestra_id = 4) [0m
  [4;36;1mSQL (0.1ms)[0m   [0;1mSELECT count(*) AS count_all FROM "avaliacaos" WHERE ("avaliacaos".palestra_id = 5) [0m
  [4;35;1mSQL (0.1ms)[0m   [0mSELECT count(*) AS count_all FROM "avaliacaos" WHERE ("avaliacaos".palestra_id = 6) [0m
  [4;36;1mSQL (0.1ms)[0m   [0;1mSELECT count(*) AS count_all FROM "avaliacaos" WHERE ("avaliacaos".palestra_id = 7) [0m
  [4;35;1mSQL (0.1ms)[0m   [0mSELECT count(*) AS count_all FROM "avaliacaos" WHERE ("avaliacaos".palestra_id = 8) [0m
  [4;36;1mSQL (0.1ms)[0m   [0;1mSELECT count(*) AS count_all FROM "avaliacaos" WHERE ("avaliacaos".palestra_id = 9) [0m
  [4;35;1mSQL (0.1ms)[0m   [0mSELECT count(*) AS count_all FROM "avaliacaos" WHERE ("avaliacaos".palestra_id = 10) [0m
  [4;36;1mSQL (0.1ms)[0m   [0;1mSELECT count(*) AS count_all FROM "avaliacaos" WHERE ("avaliacaos".palestra_id = 11) [0m
  [4;35;1mSQL (0.1ms)[0m   [0mSELECT count(*) AS count_all FROM "avaliacaos" WHERE ("avaliacaos".palestra_id = 12) [0m
  [4;36;1mSQL (0.1ms)[0m   [0;1mSELECT count(*) AS count_all FROM "avaliacaos" WHERE ("avaliacaos".palestra_id = 13) [0m
  [4;35;1mSQL (0.1ms)[0m   [0mSELECT count(*) AS count_all FROM "avaliacaos" WHERE ("avaliacaos".palestra_id = 14) [0m
  [4;36;1mSQL (0.1ms)[0m   [0;1mSELECT count(*) AS count_all FROM "avaliacaos" WHERE ("avaliacaos".palestra_id = 15) [0m
  [4;35;1mSQL (0.1ms)[0m   [0mSELECT count(*) AS count_all FROM "avaliacaos" WHERE ("avaliacaos".palestra_id = 16) [0m
  [4;36;1mSQL (0.1ms)[0m   [0;1mSELECT count(*) AS count_all FROM "avaliacaos" WHERE ("avaliacaos".palestra_id = 17) [0m
  [4;35;1mSQL (0.1ms)[0m   [0mSELECT count(*) AS count_all FROM "avaliacaos" WHERE ("avaliacaos".palestra_id = 18) [0m
  [4;36;1mSQL (0.1ms)[0m   [0;1mSELECT count(*) AS count_all FROM "avaliacaos" WHERE ("avaliacaos".palestra_id = 19) [0m
  [4;35;1mSQL (0.1ms)[0m   [0mSELECT count(*) AS count_all FROM "avaliacaos" WHERE ("avaliacaos".palestra_id = 20) [0m
  [4;36;1mSQL (0.1ms)[0m   [0;1mSELECT count(*) AS count_all FROM "avaliacaos" WHERE ("avaliacaos".palestra_id = 21) [0m
  [4;35;1mSQL (0.1ms)[0m   [0mSELECT count(*) AS count_all FROM "avaliacaos" WHERE ("avaliacaos".palestra_id = 22) [0m
  [4;36;1mSQL (0.1ms)[0m   [0;1mSELECT count(*) AS count_all FROM "avaliacaos" WHERE ("avaliacaos".palestra_id = 23) [0m
  [4;35;1mSQL (0.1ms)[0m   [0mSELECT count(*) AS count_all FROM "avaliacaos" WHERE ("avaliacaos".palestra_id = 24) [0m
  [4;36;1mSQL (0.1ms)[0m   [0;1mSELECT count(*) AS count_all FROM "avaliacaos" WHERE ("avaliacaos".palestra_id = 25) [0m
  [4;35;1mSQL (0.1ms)[0m   [0mSELECT count(*) AS count_all FROM "avaliacaos" WHERE ("avaliacaos".palestra_id = 26) [0m
  [4;36;1mSQL (0.1ms)[0m   [0;1mSELECT count(*) AS count_all FROM "avaliacaos" WHERE ("avaliacaos".palestra_id = 27) [0m
  [4;35;1mSQL (0.1ms)[0m   [0mSELECT count(*) AS count_all FROM "avaliacaos" WHERE ("avaliacaos".palestra_id = 28) [0m
  [4;36;1mSQL (0.1ms)[0m   [0;1mSELECT count(*) AS count_all FROM "avaliacaos" WHERE ("avaliacaos".palestra_id = 29) [0m
  [4;35;1mSQL (0.1ms)[0m   [0mSELECT count(*) AS count_all FROM "avaliacaos" WHERE ("avaliacaos".palestra_id = 30) [0m
  [4;36;1mSQL (0.1ms)[0m   [0;1mSELECT count(*) AS count_all FROM "avaliacaos" WHERE ("avaliacaos".palestra_id = 31) [0m
  [4;35;1mSQL (0.1ms)[0m   [0mSELECT count(*) AS count_all FROM "avaliacaos" WHERE ("avaliacaos".palestra_id = 32) [0m
  [4;36;1mSQL (0.1ms)[0m   [0;1mSELECT count(*) AS count_all FROM "avaliacaos" WHERE ("avaliacaos".palestra_id = 33) [0m
  [4;35;1mSQL (0.1ms)[0m   [0mSELECT count(*) AS count_all FROM "avaliacaos" WHERE ("avaliacaos".palestra_id = 34) [0m
  [4;36;1mSQL (0.1ms)[0m   [0;1mSELECT count(*) AS count_all FROM "avaliacaos" WHERE ("avaliacaos".palestra_id = 35) [0m
  [4;35;1mSQL (0.1ms)[0m   [0mSELECT count(*) AS count_all FROM "avaliacaos" WHERE ("avaliacaos".palestra_id = 36) [0m
  [4;36;1mSQL (0.1ms)[0m   [0;1mSELECT count(*) AS count_all FROM "avaliacaos" WHERE ("avaliacaos".palestra_id = 37) [0m
  [4;35;1mSQL (0.1ms)[0m   [0mSELECT count(*) AS count_all FROM "avaliacaos" WHERE ("avaliacaos".palestra_id = 38) [0m
  [4;36;1mSQL (0.1ms)[0m   [0;1mSELECT count(*) AS count_all FROM "avaliacaos" WHERE ("avaliacaos".palestra_id = 39) [0m
  [4;35;1mSQL (0.1ms)[0m   [0mSELECT count(*) AS count_all FROM "avaliacaos" WHERE ("avaliacaos".palestra_id = 40) [0m
  [4;36;1mSQL (0.1ms)[0m   [0;1mSELECT count(*) AS count_all FROM "avaliacaos" WHERE ("avaliacaos".palestra_id = 41) [0m
  [4;35;1mSQL (0.1ms)[0m   [0mSELECT count(*) AS count_all FROM "avaliacaos" WHERE ("avaliacaos".palestra_id = 42) [0m
  [4;36;1mSQL (0.1ms)[0m   [0;1mSELECT count(*) AS count_all FROM "avaliacaos" WHERE ("avaliacaos".palestra_id = 43) [0m
  [4;35;1mSQL (0.1ms)[0m   [0mSELECT count(*) AS count_all FROM "avaliacaos" WHERE ("avaliacaos".palestra_id = 44) [0m
  [4;36;1mSQL (0.1ms)[0m   [0;1mSELECT count(*) AS count_all FROM "avaliacaos" WHERE ("avaliacaos".palestra_id = 45) [0m
  [4;35;1mSQL (0.1ms)[0m   [0mSELECT count(*) AS count_all FROM "avaliacaos" WHERE ("avaliacaos".palestra_id = 46) [0m
  [4;36;1mSQL (0.1ms)[0m   [0;1mSELECT count(*) AS count_all FROM "avaliacaos" WHERE ("avaliacaos".palestra_id = 47) [0m
  [4;35;1mSQL (0.1ms)[0m   [0mSELECT count(*) AS count_all FROM "avaliacaos" WHERE ("avaliacaos".palestra_id = 48) [0m
  [4;36;1mSQL (0.1ms)[0m   [0;1mSELECT count(*) AS count_all FROM "avaliacaos" WHERE ("avaliacaos".palestra_id = 49) [0m
Completed in 60ms (View: 47, DB: 6) | 200 OK [http://localhost/palestras]


Processing PalestrasController#index (for 127.0.0.1 at 2011-07-02 11:43:24) [GET]
  [4;35;1mPalestra Load (1.6ms)[0m   [0mSELECT * FROM "palestras" ORDER BY data DESC, horario ASC[0m
Rendering template within layouts/themes
Rendering palestras/index
  [4;36;1mSQL (0.2ms)[0m   [0;1mSELECT count(*) AS count_all FROM "avaliacaos" WHERE ("avaliacaos".palestra_id = 1) [0m
  [4;35;1mSQL (0.1ms)[0m   [0mSELECT count(*) AS count_all FROM "avaliacaos" WHERE ("avaliacaos".palestra_id = 2) [0m
  [4;36;1mSQL (0.1ms)[0m   [0;1mSELECT count(*) AS count_all FROM "avaliacaos" WHERE ("avaliacaos".palestra_id = 3) [0m
  [4;35;1mSQL (0.1ms)[0m   [0mSELECT count(*) AS count_all FROM "avaliacaos" WHERE ("avaliacaos".palestra_id = 4) [0m
  [4;36;1mSQL (0.3ms)[0m   [0;1mSELECT count(*) AS count_all FROM "avaliacaos" WHERE ("avaliacaos".palestra_id = 5) [0m
  [4;35;1mSQL (0.1ms)[0m   [0mSELECT count(*) AS count_all FROM "avaliacaos" WHERE ("avaliacaos".palestra_id = 6) [0m
  [4;36;1mSQL (0.1ms)[0m   [0;1mSELECT count(*) AS count_all FROM "avaliacaos" WHERE ("avaliacaos".palestra_id = 7) [0m
  [4;35;1mSQL (0.1ms)[0m   [0mSELECT count(*) AS count_all FROM "avaliacaos" WHERE ("avaliacaos".palestra_id = 8) [0m
  [4;36;1mSQL (0.1ms)[0m   [0;1mSELECT count(*) AS count_all FROM "avaliacaos" WHERE ("avaliacaos".palestra_id = 9) [0m
  [4;35;1mSQL (0.1ms)[0m   [0mSELECT count(*) AS count_all FROM "avaliacaos" WHERE ("avaliacaos".palestra_id = 10) [0m
  [4;36;1mSQL (0.1ms)[0m   [0;1mSELECT count(*) AS count_all FROM "avaliacaos" WHERE ("avaliacaos".palestra_id = 11) [0m
  [4;35;1mSQL (0.1ms)[0m   [0mSELECT count(*) AS count_all FROM "avaliacaos" WHERE ("avaliacaos".palestra_id = 12) [0m
  [4;36;1mSQL (0.1ms)[0m   [0;1mSELECT count(*) AS count_all FROM "avaliacaos" WHERE ("avaliacaos".palestra_id = 13) [0m
  [4;35;1mSQL (0.1ms)[0m   [0mSELECT count(*) AS count_all FROM "avaliacaos" WHERE ("avaliacaos".palestra_id = 14) [0m
  [4;36;1mSQL (0.1ms)[0m   [0;1mSELECT count(*) AS count_all FROM "avaliacaos" WHERE ("avaliacaos".palestra_id = 15) [0m
  [4;35;1mSQL (0.1ms)[0m   [0mSELECT count(*) AS count_all FROM "avaliacaos" WHERE ("avaliacaos".palestra_id = 16) [0m
  [4;36;1mSQL (0.1ms)[0m   [0;1mSELECT count(*) AS count_all FROM "avaliacaos" WHERE ("avaliacaos".palestra_id = 17) [0m
  [4;35;1mSQL (0.1ms)[0m   [0mSELECT count(*) AS count_all FROM "avaliacaos" WHERE ("avaliacaos".palestra_id = 18) [0m
  [4;36;1mSQL (0.1ms)[0m   [0;1mSELECT count(*) AS count_all FROM "avaliacaos" WHERE ("avaliacaos".palestra_id = 19) [0m
  [4;35;1mSQL (0.1ms)[0m   [0mSELECT count(*) AS count_all FROM "avaliacaos" WHERE ("avaliacaos".palestra_id = 20) [0m
  [4;36;1mSQL (0.1ms)[0m   [0;1mSELECT count(*) AS count_all FROM "avaliacaos" WHERE ("avaliacaos".palestra_id = 21) [0m
  [4;35;1mSQL (0.1ms)[0m   [0mSELECT count(*) AS count_all FROM "avaliacaos" WHERE ("avaliacaos".palestra_id = 22) [0m
  [4;36;1mSQL (0.1ms)[0m   [0;1mSELECT count(*) AS count_all FROM "avaliacaos" WHERE ("avaliacaos".palestra_id = 23) [0m
  [4;35;1mSQL (0.1ms)[0m   [0mSELECT count(*) AS count_all FROM "avaliacaos" WHERE ("avaliacaos".palestra_id = 24) [0m
  [4;36;1mSQL (0.1ms)[0m   [0;1mSELECT count(*) AS count_all FROM "avaliacaos" WHERE ("avaliacaos".palestra_id = 25) [0m
  [4;35;1mSQL (0.1ms)[0m   [0mSELECT count(*) AS count_all FROM "avaliacaos" WHERE ("avaliacaos".palestra_id = 26) [0m
  [4;36;1mSQL (0.1ms)[0m   [0;1mSELECT count(*) AS count_all FROM "avaliacaos" WHERE ("avaliacaos".palestra_id = 27) [0m
  [4;35;1mSQL (0.1ms)[0m   [0mSELECT count(*) AS count_all FROM "avaliacaos" WHERE ("avaliacaos".palestra_id = 28) [0m
  [4;36;1mSQL (0.1ms)[0m   [0;1mSELECT count(*) AS count_all FROM "avaliacaos" WHERE ("avaliacaos".palestra_id = 29) [0m
  [4;35;1mSQL (0.1ms)[0m   [0mSELECT count(*) AS count_all FROM "avaliacaos" WHERE ("avaliacaos".palestra_id = 30) [0m
  [4;36;1mSQL (0.1ms)[0m   [0;1mSELECT count(*) AS count_all FROM "avaliacaos" WHERE ("avaliacaos".palestra_id = 31) [0m
  [4;35;1mSQL (0.1ms)[0m   [0mSELECT count(*) AS count_all FROM "avaliacaos" WHERE ("avaliacaos".palestra_id = 32) [0m
  [4;36;1mSQL (0.1ms)[0m   [0;1mSELECT count(*) AS count_all FROM "avaliacaos" WHERE ("avaliacaos".palestra_id = 33) [0m
  [4;35;1mSQL (0.1ms)[0m   [0mSELECT count(*) AS count_all FROM "avaliacaos" WHERE ("avaliacaos".palestra_id = 34) [0m
  [4;36;1mSQL (0.1ms)[0m   [0;1mSELECT count(*) AS count_all FROM "avaliacaos" WHERE ("avaliacaos".palestra_id = 35) [0m
  [4;35;1mSQL (0.1ms)[0m   [0mSELECT count(*) AS count_all FROM "avaliacaos" WHERE ("avaliacaos".palestra_id = 36) [0m
  [4;36;1mSQL (0.1ms)[0m   [0;1mSELECT count(*) AS count_all FROM "avaliacaos" WHERE ("avaliacaos".palestra_id = 37) [0m
  [4;35;1mSQL (0.1ms)[0m   [0mSELECT count(*) AS count_all FROM "avaliacaos" WHERE ("avaliacaos".palestra_id = 38) [0m
  [4;36;1mSQL (0.1ms)[0m   [0;1mSELECT count(*) AS count_all FROM "avaliacaos" WHERE ("avaliacaos".palestra_id = 39) [0m
  [4;35;1mSQL (0.1ms)[0m   [0mSELECT count(*) AS count_all FROM "avaliacaos" WHERE ("avaliacaos".palestra_id = 40) [0m
  [4;36;1mSQL (0.1ms)[0m   [0;1mSELECT count(*) AS count_all FROM "avaliacaos" WHERE ("avaliacaos".palestra_id = 41) [0m
  [4;35;1mSQL (0.1ms)[0m   [0mSELECT count(*) AS count_all FROM "avaliacaos" WHERE ("avaliacaos".palestra_id = 42) [0m
  [4;36;1mSQL (0.1ms)[0m   [0;1mSELECT count(*) AS count_all FROM "avaliacaos" WHERE ("avaliacaos".palestra_id = 43) [0m
  [4;35;1mSQL (0.1ms)[0m   [0mSELECT count(*) AS count_all FROM "avaliacaos" WHERE ("avaliacaos".palestra_id = 44) [0m
  [4;36;1mSQL (0.1ms)[0m   [0;1mSELECT count(*) AS count_all FROM "avaliacaos" WHERE ("avaliacaos".palestra_id = 45) [0m
  [4;35;1mSQL (0.1ms)[0m   [0mSELECT count(*) AS count_all FROM "avaliacaos" WHERE ("avaliacaos".palestra_id = 46) [0m
  [4;36;1mSQL (0.1ms)[0m   [0;1mSELECT count(*) AS count_all FROM "avaliacaos" WHERE ("avaliacaos".palestra_id = 47) [0m
  [4;35;1mSQL (0.1ms)[0m   [0mSELECT count(*) AS count_all FROM "avaliacaos" WHERE ("avaliacaos".palestra_id = 48) [0m
  [4;36;1mSQL (0.1ms)[0m   [0;1mSELECT count(*) AS count_all FROM "avaliacaos" WHERE ("avaliacaos".palestra_id = 49) [0m
Completed in 106ms (View: 91, DB: 6) | 200 OK [http://localhost/palestras]


Processing PalestrasController#index (for 127.0.0.1 at 2011-07-02 11:43:36) [GET]
Cached fragment hit: views/localhost:3000/palestras (0.0ms)
  [4;36;1mPalestra Load (1.5ms)[0m   [0;1mSELECT * FROM "palestras" ORDER BY data DESC, horario ASC[0m
Rendering template within layouts/themes
Rendering palestras/index
  [4;35;1mSQL (0.2ms)[0m   [0mSELECT count(*) AS count_all FROM "avaliacaos" WHERE ("avaliacaos".palestra_id = 1) [0m
  [4;36;1mSQL (0.1ms)[0m   [0;1mSELECT count(*) AS count_all FROM "avaliacaos" WHERE ("avaliacaos".palestra_id = 2) [0m
  [4;35;1mSQL (0.1ms)[0m   [0mSELECT count(*) AS count_all FROM "avaliacaos" WHERE ("avaliacaos".palestra_id = 3) [0m
  [4;36;1mSQL (0.1ms)[0m   [0;1mSELECT count(*) AS count_all FROM "avaliacaos" WHERE ("avaliacaos".palestra_id = 4) [0m
  [4;35;1mSQL (0.1ms)[0m   [0mSELECT count(*) AS count_all FROM "avaliacaos" WHERE ("avaliacaos".palestra_id = 5) [0m
  [4;36;1mSQL (0.1ms)[0m   [0;1mSELECT count(*) AS count_all FROM "avaliacaos" WHERE ("avaliacaos".palestra_id = 6) [0m
  [4;35;1mSQL (0.1ms)[0m   [0mSELECT count(*) AS count_all FROM "avaliacaos" WHERE ("avaliacaos".palestra_id = 7) [0m
  [4;36;1mSQL (0.1ms)[0m   [0;1mSELECT count(*) AS count_all FROM "avaliacaos" WHERE ("avaliacaos".palestra_id = 8) [0m
  [4;35;1mSQL (0.1ms)[0m   [0mSELECT count(*) AS count_all FROM "avaliacaos" WHERE ("avaliacaos".palestra_id = 9) [0m
  [4;36;1mSQL (0.1ms)[0m   [0;1mSELECT count(*) AS count_all FROM "avaliacaos" WHERE ("avaliacaos".palestra_id = 10) [0m
  [4;35;1mSQL (0.1ms)[0m   [0mSELECT count(*) AS count_all FROM "avaliacaos" WHERE ("avaliacaos".palestra_id = 11) [0m
  [4;36;1mSQL (0.1ms)[0m   [0;1mSELECT count(*) AS count_all FROM "avaliacaos" WHERE ("avaliacaos".palestra_id = 12) [0m
  [4;35;1mSQL (0.1ms)[0m   [0mSELECT count(*) AS count_all FROM "avaliacaos" WHERE ("avaliacaos".palestra_id = 13) [0m
  [4;36;1mSQL (0.1ms)[0m   [0;1mSELECT count(*) AS count_all FROM "avaliacaos" WHERE ("avaliacaos".palestra_id = 14) [0m
  [4;35;1mSQL (0.1ms)[0m   [0mSELECT count(*) AS count_all FROM "avaliacaos" WHERE ("avaliacaos".palestra_id = 15) [0m
  [4;36;1mSQL (0.1ms)[0m   [0;1mSELECT count(*) AS count_all FROM "avaliacaos" WHERE ("avaliacaos".palestra_id = 16) [0m
  [4;35;1mSQL (0.1ms)[0m   [0mSELECT count(*) AS count_all FROM "avaliacaos" WHERE ("avaliacaos".palestra_id = 17) [0m
  [4;36;1mSQL (0.1ms)[0m   [0;1mSELECT count(*) AS count_all FROM "avaliacaos" WHERE ("avaliacaos".palestra_id = 18) [0m
  [4;35;1mSQL (0.1ms)[0m   [0mSELECT count(*) AS count_all FROM "avaliacaos" WHERE ("avaliacaos".palestra_id = 19) [0m
  [4;36;1mSQL (0.1ms)[0m   [0;1mSELECT count(*) AS count_all FROM "avaliacaos" WHERE ("avaliacaos".palestra_id = 20) [0m
  [4;35;1mSQL (0.1ms)[0m   [0mSELECT count(*) AS count_all FROM "avaliacaos" WHERE ("avaliacaos".palestra_id = 21) [0m
  [4;36;1mSQL (0.1ms)[0m   [0;1mSELECT count(*) AS count_all FROM "avaliacaos" WHERE ("avaliacaos".palestra_id = 22) [0m
  [4;35;1mSQL (0.1ms)[0m   [0mSELECT count(*) AS count_all FROM "avaliacaos" WHERE ("avaliacaos".palestra_id = 23) [0m
  [4;36;1mSQL (0.1ms)[0m   [0;1mSELECT count(*) AS count_all FROM "avaliacaos" WHERE ("avaliacaos".palestra_id = 24) [0m
  [4;35;1mSQL (0.1ms)[0m   [0mSELECT count(*) AS count_all FROM "avaliacaos" WHERE ("avaliacaos".palestra_id = 25) [0m
  [4;36;1mSQL (0.1ms)[0m   [0;1mSELECT count(*) AS count_all FROM "avaliacaos" WHERE ("avaliacaos".palestra_id = 26) [0m
  [4;35;1mSQL (0.1ms)[0m   [0mSELECT count(*) AS count_all FROM "avaliacaos" WHERE ("avaliacaos".palestra_id = 27) [0m
  [4;36;1mSQL (0.1ms)[0m   [0;1mSELECT count(*) AS count_all FROM "avaliacaos" WHERE ("avaliacaos".palestra_id = 28) [0m
  [4;35;1mSQL (0.1ms)[0m   [0mSELECT count(*) AS count_all FROM "avaliacaos" WHERE ("avaliacaos".palestra_id = 29) [0m
  [4;36;1mSQL (0.1ms)[0m   [0;1mSELECT count(*) AS count_all FROM "avaliacaos" WHERE ("avaliacaos".palestra_id = 30) [0m
  [4;35;1mSQL (0.1ms)[0m   [0mSELECT count(*) AS count_all FROM "avaliacaos" WHERE ("avaliacaos".palestra_id = 31) [0m
  [4;36;1mSQL (0.1ms)[0m   [0;1mSELECT count(*) AS count_all FROM "avaliacaos" WHERE ("avaliacaos".palestra_id = 32) [0m
  [4;35;1mSQL (0.1ms)[0m   [0mSELECT count(*) AS count_all FROM "avaliacaos" WHERE ("avaliacaos".palestra_id = 33) [0m
  [4;36;1mSQL (0.1ms)[0m   [0;1mSELECT count(*) AS count_all FROM "avaliacaos" WHERE ("avaliacaos".palestra_id = 34) [0m
  [4;35;1mSQL (0.1ms)[0m   [0mSELECT count(*) AS count_all FROM "avaliacaos" WHERE ("avaliacaos".palestra_id = 35) [0m
  [4;36;1mSQL (0.1ms)[0m   [0;1mSELECT count(*) AS count_all FROM "avaliacaos" WHERE ("avaliacaos".palestra_id = 36) [0m
  [4;35;1mSQL (0.1ms)[0m   [0mSELECT count(*) AS count_all FROM "avaliacaos" WHERE ("avaliacaos".palestra_id = 37) [0m
  [4;36;1mSQL (0.1ms)[0m   [0;1mSELECT count(*) AS count_all FROM "avaliacaos" WHERE ("avaliacaos".palestra_id = 38) [0m
  [4;35;1mSQL (0.1ms)[0m   [0mSELECT count(*) AS count_all FROM "avaliacaos" WHERE ("avaliacaos".palestra_id = 39) [0m
  [4;36;1mSQL (0.1ms)[0m   [0;1mSELECT count(*) AS count_all FROM "avaliacaos" WHERE ("avaliacaos".palestra_id = 40) [0m
  [4;35;1mSQL (0.1ms)[0m   [0mSELECT count(*) AS count_all FROM "avaliacaos" WHERE ("avaliacaos".palestra_id = 41) [0m
  [4;36;1mSQL (0.1ms)[0m   [0;1mSELECT count(*) AS count_all FROM "avaliacaos" WHERE ("avaliacaos".palestra_id = 42) [0m
  [4;35;1mSQL (0.1ms)[0m   [0mSELECT count(*) AS count_all FROM "avaliacaos" WHERE ("avaliacaos".palestra_id = 43) [0m
  [4;36;1mSQL (0.1ms)[0m   [0;1mSELECT count(*) AS count_all FROM "avaliacaos" WHERE ("avaliacaos".palestra_id = 44) [0m
  [4;35;1mSQL (0.1ms)[0m   [0mSELECT count(*) AS count_all FROM "avaliacaos" WHERE ("avaliacaos".palestra_id = 45) [0m
  [4;36;1mSQL (0.1ms)[0m   [0;1mSELECT count(*) AS count_all FROM "avaliacaos" WHERE ("avaliacaos".palestra_id = 46) [0m
  [4;35;1mSQL (0.1ms)[0m   [0mSELECT count(*) AS count_all FROM "avaliacaos" WHERE ("avaliacaos".palestra_id = 47) [0m
  [4;36;1mSQL (0.1ms)[0m   [0;1mSELECT count(*) AS count_all FROM "avaliacaos" WHERE ("avaliacaos".palestra_id = 48) [0m
  [4;35;1mSQL (0.1ms)[0m   [0mSELECT count(*) AS count_all FROM "avaliacaos" WHERE ("avaliacaos".palestra_id = 49) [0m
Cached fragment miss: localhost:3000/palestras (0.1ms)
Completed in 76ms (View: 56, DB: 6) | 200 OK [http://localhost/palestras]


Processing PalestrasController#index (for 127.0.0.1 at 2011-07-02 11:43:40) [GET]
Cached fragment hit: views/localhost:3000/palestras (0.0ms)
Filter chain halted as [#<ActionController::Filters::AroundFilter:0x1044d32d0 @kind=:filter, @identifier=nil, @method=#<Proc:0x0000000101d93760@/Library/Ruby/Gems/1.8/gems/actionpack-2.3.11/lib/action_controller/caching/actions.rb:64>, @options={:only=>#<Set: {"index"}>, :unless=>nil, :if=>nil}>] did_not_yield.
Completed in 1ms (View: 0, DB: 0) | 200 OK [http://localhost/palestras]


Processing PalestrasController#index (for 127.0.0.1 at 2011-07-02 11:45:16) [GET]
Cached fragment hit: views/localhost:3000/palestras (0.0ms)
Filter chain halted as [#<ActionController::Filters::AroundFilter:0x1044085a8 @kind=:filter, @identifier=nil, @method=#<Proc:0x0000000101d93760@/Library/Ruby/Gems/1.8/gems/actionpack-2.3.11/lib/action_controller/caching/actions.rb:64>, @options={:only=>#<Set: {"index"}>, :unless=>nil, :if=>nil}>] did_not_yield.
Completed in 1ms (View: 0, DB: 0) | 200 OK [http://localhost/palestras]


Processing AvaliacaoController#new (for 127.0.0.1 at 2011-07-02 11:45:25) [GET]
  Parameters: {"palestra_id"=>"1"}
  [4;36;1mPalestra Load (0.3ms)[0m   [0;1mSELECT * FROM "palestras" WHERE ("palestras"."id" = 1) [0m
Rendering template within layouts/themes
Rendering avaliacao/new
Completed in 19ms (View: 11, DB: 0) | 200 OK [http://localhost/palestras/1/avaliacao/new]


Processing AvaliacaoController#create (for 127.0.0.1 at 2011-07-02 11:45:29) [POST]
  Parameters: {"commit"=>"Avaliar!", "palestra_id"=>"1", "authenticity_token"=>"bZvicAcOrtH4TGbjCjhYlPKOK394FLnFaWt6idflSYQ=", "avaliacao"=>{"comentario"=>"", "valor"=>"5"}}
  [4;35;1mPalestra Load (0.1ms)[0m   [0mSELECT * FROM "palestras" WHERE ("palestras"."id" = 1) [0m
  [4;36;1mAvaliacao Create (0.3ms)[0m   [0;1mINSERT INTO "avaliacaos" ("comentario", "created_at", "avaliador_id", "updated_at", "valor", "palestra_id") VALUES('', '2011-07-02 14:45:29', NULL, '2011-07-02 14:45:29', 5, 1)[0m
Redirected to http://localhost:3000/palestras
Expired page: /palestras.html (0.0ms)
Expired page: /palestras/show.html (0.0ms)
Completed in 58ms (DB: 0) | 302 Found [http://localhost/palestras/1/avaliacao]


Processing PalestrasController#index (for 127.0.0.1 at 2011-07-02 11:45:29) [GET]
Cached fragment hit: views/localhost:3000/palestras (0.0ms)
Filter chain halted as [#<ActionController::Filters::AroundFilter:0x10447a130 @kind=:filter, @identifier=nil, @method=#<Proc:0x0000000101d93760@/Library/Ruby/Gems/1.8/gems/actionpack-2.3.11/lib/action_controller/caching/actions.rb:64>, @options={:only=>#<Set: {"index"}>, :unless=>nil, :if=>nil}>] did_not_yield.
Completed in 1ms (View: 0, DB: 0) | 200 OK [http://localhost/palestras]


Processing PalestrasController#index (for 127.0.0.1 at 2011-07-02 11:45:32) [GET]
Cached fragment hit: views/localhost:3000/palestras (0.0ms)
Filter chain halted as [#<ActionController::Filters::AroundFilter:0x1043e07b0 @kind=:filter, @identifier=nil, @method=#<Proc:0x0000000101d93760@/Library/Ruby/Gems/1.8/gems/actionpack-2.3.11/lib/action_controller/caching/actions.rb:64>, @options={:only=>#<Set: {"index"}>, :unless=>nil, :if=>nil}>] did_not_yield.
Completed in 1ms (View: 0, DB: 0) | 200 OK [http://localhost/palestras]


Processing AvaliacaoController#new (for 127.0.0.1 at 2011-07-02 11:45:36) [GET]
  Parameters: {"palestra_id"=>"1"}
  [4;35;1mPalestra Load (0.1ms)[0m   [0mSELECT * FROM "palestras" WHERE ("palestras"."id" = 1) [0m
Rendering template within layouts/themes
Rendering avaliacao/new
Completed in 14ms (View: 7, DB: 0) | 200 OK [http://localhost/palestras/1/avaliacao/new]


Processing AvaliacaoController#create (for 127.0.0.1 at 2011-07-02 11:46:10) [POST]
  Parameters: {"commit"=>"Avaliar!", "palestra_id"=>"1", "authenticity_token"=>"bZvicAcOrtH4TGbjCjhYlPKOK394FLnFaWt6idflSYQ=", "avaliacao"=>{"comentario"=>"", "valor"=>"4"}}
  [4;36;1mPalestra Load (0.1ms)[0m   [0;1mSELECT * FROM "palestras" WHERE ("palestras"."id" = 1) [0m
  [4;35;1mAvaliacao Create (0.4ms)[0m   [0mINSERT INTO "avaliacaos" ("comentario", "created_at", "avaliador_id", "updated_at", "valor", "palestra_id") VALUES('', '2011-07-02 14:46:10', NULL, '2011-07-02 14:46:10', 4, 1)[0m
Expired page: /palestras.html (0.0ms)
Expired page: /palestras/show.html (0.0ms)
Redirected to http://localhost:3000/palestras
Completed in 12ms (DB: 1) | 302 Found [http://localhost/palestras/1/avaliacao]


Processing PalestrasController#index (for 127.0.0.1 at 2011-07-02 11:46:10) [GET]
Cached fragment hit: views/localhost:3000/palestras (0.0ms)
Filter chain halted as [#<ActionController::Filters::AroundFilter:0x104494120 @kind=:filter, @identifier=nil, @method=#<Proc:0x0000000101d93760@/Library/Ruby/Gems/1.8/gems/actionpack-2.3.11/lib/action_controller/caching/actions.rb:64>, @options={:only=>#<Set: {"index"}>, :unless=>nil, :if=>nil}>] did_not_yield.
Completed in 1ms (View: 0, DB: 0) | 200 OK [http://localhost/palestras]


Processing PalestrasController#index (for 127.0.0.1 at 2011-07-02 11:46:49) [GET]
Cached fragment hit: views/localhost:3000/palestras (0.0ms)
Filter chain halted as [#<ActionController::Filters::AroundFilter:0x1043f29b0 @kind=:filter, @identifier=nil, @method=#<Proc:0x0000000101d93760@/Library/Ruby/Gems/1.8/gems/actionpack-2.3.11/lib/action_controller/caching/actions.rb:64>, @options={:only=>#<Set: {"index"}>, :unless=>nil, :if=>nil}>] did_not_yield.
Completed in 1ms (View: 1, DB: 0) | 200 OK [http://localhost/palestras]


Processing AvaliacaoController#new (for 127.0.0.1 at 2011-07-02 11:46:51) [GET]
  Parameters: {"palestra_id"=>"1"}
  [4;36;1mPalestra Load (0.2ms)[0m   [0;1mSELECT * FROM "palestras" WHERE ("palestras"."id" = 1) [0m
Rendering template within layouts/themes
Rendering avaliacao/new
Completed in 15ms (View: 8, DB: 0) | 200 OK [http://localhost/palestras/1/avaliacao/new]


Processing AvaliacaoController#create (for 127.0.0.1 at 2011-07-02 11:46:54) [POST]
  Parameters: {"commit"=>"Avaliar!", "palestra_id"=>"1", "authenticity_token"=>"bZvicAcOrtH4TGbjCjhYlPKOK394FLnFaWt6idflSYQ=", "avaliacao"=>{"comentario"=>"", "valor"=>"4"}}
  [4;35;1mPalestra Load (0.1ms)[0m   [0mSELECT * FROM "palestras" WHERE ("palestras"."id" = 1) [0m
  [4;36;1mAvaliacao Create (0.3ms)[0m   [0;1mINSERT INTO "avaliacaos" ("comentario", "created_at", "avaliador_id", "updated_at", "valor", "palestra_id") VALUES('', '2011-07-02 14:46:54', NULL, '2011-07-02 14:46:54', 4, 1)[0m
Expired fragment: views/localhost:3000/palestras (0.0ms)
Expired fragment: views/localhost:3000/palestras/show (0.0ms)
Redirected to http://localhost:3000/palestras
Completed in 11ms (DB: 0) | 302 Found [http://localhost/palestras/1/avaliacao]


Processing PalestrasController#index (for 127.0.0.1 at 2011-07-02 11:46:54) [GET]
Cached fragment hit: views/localhost:3000/palestras (0.0ms)
  [4;35;1mPalestra Load (1.5ms)[0m   [0mSELECT * FROM "palestras" ORDER BY data DESC, horario ASC[0m
Rendering template within layouts/themes
Rendering palestras/index
  [4;36;1mSQL (0.2ms)[0m   [0;1mSELECT count(*) AS count_all FROM "avaliacaos" WHERE ("avaliacaos".palestra_id = 1) [0m
  [4;35;1mSQL (0.1ms)[0m   [0mSELECT count(*) AS count_all FROM "avaliacaos" WHERE ("avaliacaos".palestra_id = 2) [0m
  [4;36;1mSQL (0.1ms)[0m   [0;1mSELECT count(*) AS count_all FROM "avaliacaos" WHERE ("avaliacaos".palestra_id = 3) [0m
  [4;35;1mSQL (0.1ms)[0m   [0mSELECT count(*) AS count_all FROM "avaliacaos" WHERE ("avaliacaos".palestra_id = 4) [0m
  [4;36;1mSQL (0.1ms)[0m   [0;1mSELECT count(*) AS count_all FROM "avaliacaos" WHERE ("avaliacaos".palestra_id = 5) [0m
  [4;35;1mSQL (0.1ms)[0m   [0mSELECT count(*) AS count_all FROM "avaliacaos" WHERE ("avaliacaos".palestra_id = 6) [0m
  [4;36;1mSQL (0.1ms)[0m   [0;1mSELECT count(*) AS count_all FROM "avaliacaos" WHERE ("avaliacaos".palestra_id = 7) [0m
  [4;35;1mSQL (0.1ms)[0m   [0mSELECT count(*) AS count_all FROM "avaliacaos" WHERE ("avaliacaos".palestra_id = 8) [0m
  [4;36;1mSQL (0.1ms)[0m   [0;1mSELECT count(*) AS count_all FROM "avaliacaos" WHERE ("avaliacaos".palestra_id = 9) [0m
  [4;35;1mSQL (0.1ms)[0m   [0mSELECT count(*) AS count_all FROM "avaliacaos" WHERE ("avaliacaos".palestra_id = 10) [0m
  [4;36;1mSQL (0.1ms)[0m   [0;1mSELECT count(*) AS count_all FROM "avaliacaos" WHERE ("avaliacaos".palestra_id = 11) [0m
  [4;35;1mSQL (0.1ms)[0m   [0mSELECT count(*) AS count_all FROM "avaliacaos" WHERE ("avaliacaos".palestra_id = 12) [0m
  [4;36;1mSQL (0.1ms)[0m   [0;1mSELECT count(*) AS count_all FROM "avaliacaos" WHERE ("avaliacaos".palestra_id = 13) [0m
  [4;35;1mSQL (0.1ms)[0m   [0mSELECT count(*) AS count_all FROM "avaliacaos" WHERE ("avaliacaos".palestra_id = 14) [0m
  [4;36;1mSQL (0.1ms)[0m   [0;1mSELECT count(*) AS count_all FROM "avaliacaos" WHERE ("avaliacaos".palestra_id = 15) [0m
  [4;35;1mSQL (0.1ms)[0m   [0mSELECT count(*) AS count_all FROM "avaliacaos" WHERE ("avaliacaos".palestra_id = 16) [0m
  [4;36;1mSQL (0.1ms)[0m   [0;1mSELECT count(*) AS count_all FROM "avaliacaos" WHERE ("avaliacaos".palestra_id = 17) [0m
  [4;35;1mSQL (0.1ms)[0m   [0mSELECT count(*) AS count_all FROM "avaliacaos" WHERE ("avaliacaos".palestra_id = 18) [0m
  [4;36;1mSQL (0.1ms)[0m   [0;1mSELECT count(*) AS count_all FROM "avaliacaos" WHERE ("avaliacaos".palestra_id = 19) [0m
  [4;35;1mSQL (0.1ms)[0m   [0mSELECT count(*) AS count_all FROM "avaliacaos" WHERE ("avaliacaos".palestra_id = 20) [0m
  [4;36;1mSQL (0.2ms)[0m   [0;1mSELECT count(*) AS count_all FROM "avaliacaos" WHERE ("avaliacaos".palestra_id = 21) [0m
  [4;35;1mSQL (0.1ms)[0m   [0mSELECT count(*) AS count_all FROM "avaliacaos" WHERE ("avaliacaos".palestra_id = 22) [0m
  [4;36;1mSQL (0.1ms)[0m   [0;1mSELECT count(*) AS count_all FROM "avaliacaos" WHERE ("avaliacaos".palestra_id = 23) [0m
  [4;35;1mSQL (0.1ms)[0m   [0mSELECT count(*) AS count_all FROM "avaliacaos" WHERE ("avaliacaos".palestra_id = 24) [0m
  [4;36;1mSQL (0.1ms)[0m   [0;1mSELECT count(*) AS count_all FROM "avaliacaos" WHERE ("avaliacaos".palestra_id = 25) [0m
  [4;35;1mSQL (0.1ms)[0m   [0mSELECT count(*) AS count_all FROM "avaliacaos" WHERE ("avaliacaos".palestra_id = 26) [0m
  [4;36;1mSQL (0.1ms)[0m   [0;1mSELECT count(*) AS count_all FROM "avaliacaos" WHERE ("avaliacaos".palestra_id = 27) [0m
  [4;35;1mSQL (0.1ms)[0m   [0mSELECT count(*) AS count_all FROM "avaliacaos" WHERE ("avaliacaos".palestra_id = 28) [0m
  [4;36;1mSQL (0.1ms)[0m   [0;1mSELECT count(*) AS count_all FROM "avaliacaos" WHERE ("avaliacaos".palestra_id = 29) [0m
  [4;35;1mSQL (0.1ms)[0m   [0mSELECT count(*) AS count_all FROM "avaliacaos" WHERE ("avaliacaos".palestra_id = 30) [0m
  [4;36;1mSQL (0.1ms)[0m   [0;1mSELECT count(*) AS count_all FROM "avaliacaos" WHERE ("avaliacaos".palestra_id = 31) [0m
  [4;35;1mSQL (0.1ms)[0m   [0mSELECT count(*) AS count_all FROM "avaliacaos" WHERE ("avaliacaos".palestra_id = 32) [0m
  [4;36;1mSQL (0.1ms)[0m   [0;1mSELECT count(*) AS count_all FROM "avaliacaos" WHERE ("avaliacaos".palestra_id = 33) [0m
  [4;35;1mSQL (0.1ms)[0m   [0mSELECT count(*) AS count_all FROM "avaliacaos" WHERE ("avaliacaos".palestra_id = 34) [0m
  [4;36;1mSQL (0.1ms)[0m   [0;1mSELECT count(*) AS count_all FROM "avaliacaos" WHERE ("avaliacaos".palestra_id = 35) [0m
  [4;35;1mSQL (0.1ms)[0m   [0mSELECT count(*) AS count_all FROM "avaliacaos" WHERE ("avaliacaos".palestra_id = 36) [0m
  [4;36;1mSQL (0.1ms)[0m   [0;1mSELECT count(*) AS count_all FROM "avaliacaos" WHERE ("avaliacaos".palestra_id = 37) [0m
  [4;35;1mSQL (0.1ms)[0m   [0mSELECT count(*) AS count_all FROM "avaliacaos" WHERE ("avaliacaos".palestra_id = 38) [0m
  [4;36;1mSQL (0.1ms)[0m   [0;1mSELECT count(*) AS count_all FROM "avaliacaos" WHERE ("avaliacaos".palestra_id = 39) [0m
  [4;35;1mSQL (0.1ms)[0m   [0mSELECT count(*) AS count_all FROM "avaliacaos" WHERE ("avaliacaos".palestra_id = 40) [0m
  [4;36;1mSQL (0.1ms)[0m   [0;1mSELECT count(*) AS count_all FROM "avaliacaos" WHERE ("avaliacaos".palestra_id = 41) [0m
  [4;35;1mSQL (0.1ms)[0m   [0mSELECT count(*) AS count_all FROM "avaliacaos" WHERE ("avaliacaos".palestra_id = 42) [0m
  [4;36;1mSQL (0.1ms)[0m   [0;1mSELECT count(*) AS count_all FROM "avaliacaos" WHERE ("avaliacaos".palestra_id = 43) [0m
  [4;35;1mSQL (0.1ms)[0m   [0mSELECT count(*) AS count_all FROM "avaliacaos" WHERE ("avaliacaos".palestra_id = 44) [0m
  [4;36;1mSQL (0.1ms)[0m   [0;1mSELECT count(*) AS count_all FROM "avaliacaos" WHERE ("avaliacaos".palestra_id = 45) [0m
  [4;35;1mSQL (0.1ms)[0m   [0mSELECT count(*) AS count_all FROM "avaliacaos" WHERE ("avaliacaos".palestra_id = 46) [0m
  [4;36;1mSQL (0.1ms)[0m   [0;1mSELECT count(*) AS count_all FROM "avaliacaos" WHERE ("avaliacaos".palestra_id = 47) [0m
  [4;35;1mSQL (0.1ms)[0m   [0mSELECT count(*) AS count_all FROM "avaliacaos" WHERE ("avaliacaos".palestra_id = 48) [0m
  [4;36;1mSQL (0.1ms)[0m   [0;1mSELECT count(*) AS count_all FROM "avaliacaos" WHERE ("avaliacaos".palestra_id = 49) [0m
Cached fragment miss: localhost:3000/palestras (0.0ms)
Completed in 63ms (View: 49, DB: 6) | 200 OK [http://localhost/palestras]


Processing PalestrasController#show (for 127.0.0.1 at 2011-07-02 11:47:13) [GET]
  Parameters: {"id"=>"1"}
Cached fragment hit: views/localhost:3000/palestras/1 (0.0ms)
  [4;35;1mPalestra Load (0.1ms)[0m   [0mSELECT * FROM "palestras" WHERE ("palestras"."id" = 1) [0m
  [4;36;1mSQL (0.1ms)[0m   [0;1mSELECT avg("avaliacaos".valor) AS avg_valor FROM "avaliacaos" WHERE (palestra_id = 1) [0m
  [4;35;1mAvaliacao Load (0.1ms)[0m   [0mSELECT * FROM "avaliacaos" WHERE (palestra_id = 1 and comentario is not null and comentario <> '') [0m
Rendering template within layouts/themes
Rendering palestras/show
  [4;36;1mSQL (0.2ms)[0m   [0;1mSELECT count(*) AS count_all FROM "avaliacaos" WHERE ("avaliacaos".palestra_id = 1) [0m
Cached fragment miss: localhost:3000/palestras/1 (0.0ms)
Completed in 64ms (View: 9, DB: 1) | 200 OK [http://localhost/palestras/1]
